[ 2018-02-08T16:39:58+08:00 ] ::1 /ysc2/index.php
INFO: [ app_init ] --START--
INFO: Run Behavior\BuildLiteBehavior [ RunTime:0.000011s ]
INFO: [ app_init ] --END-- [ RunTime:0.000822s ]
INFO: [ app_begin ] --START--
INFO: Run Behavior\ReadHtmlCacheBehavior [ RunTime:0.000789s ]
INFO: [ app_begin ] --END-- [ RunTime:0.000836s ]
SQL: SHOW COLUMNS FROM `rabc_info` [ RunTime:0.0265s ]
SQL: SELECT `id` FROM `rabc_info` WHERE `controller` = 'Home/Index/index' LIMIT 1   [ RunTime:0.0048s ]

[ 2018-02-08T16:39:58+08:00 ] ::1 /ysc2/index.php/home/login/index.html
INFO: [ app_init ] --START--
INFO: Run Behavior\BuildLiteBehavior [ RunTime:0.000015s ]
INFO: [ app_init ] --END-- [ RunTime:0.000509s ]
INFO: [ app_begin ] --START--
INFO: Run Behavior\ReadHtmlCacheBehavior [ RunTime:0.000773s ]
INFO: [ app_begin ] --END-- [ RunTime:0.000853s ]
INFO: [ view_parse ] --START--
INFO: [ template_filter ] --START--
INFO: Run Behavior\ContentReplaceBehavior [ RunTime:0.000064s ]
INFO: [ template_filter ] --END-- [ RunTime:0.000122s ]
INFO: Run Behavior\ParseTemplateBehavior [ RunTime:0.022843s ]
INFO: [ view_parse ] --END-- [ RunTime:0.022921s ]
INFO: [ view_filter ] --START--
INFO: Run Behavior\WriteHtmlCacheBehavior [ RunTime:0.000863s ]
INFO: [ view_filter ] --END-- [ RunTime:0.000913s ]
INFO: [ app_end ] --START--
INFO: Run Behavior\ShowPageTraceBehavior [ RunTime:0.001219s ]
INFO: [ app_end ] --END-- [ RunTime:0.001271s ]

[ 2018-02-08T16:39:58+08:00 ] ::1 /ysc2/index.php/home/verify/index.html
INFO: [ app_init ] --START--
INFO: Run Behavior\BuildLiteBehavior [ RunTime:0.000021s ]
INFO: [ app_init ] --END-- [ RunTime:0.000589s ]
INFO: [ app_begin ] --START--
INFO: Run Behavior\ReadHtmlCacheBehavior [ RunTime:0.000827s ]
INFO: [ app_begin ] --END-- [ RunTime:0.000904s ]
INFO: [ app_end ] --START--
INFO: Run Behavior\ShowPageTraceBehavior [ RunTime:0.003324s ]
INFO: [ app_end ] --END-- [ RunTime:0.003404s ]

[ 2018-02-08T16:40:04+08:00 ] ::1 /ysc2/index.php/home/login/login.html
INFO: [ app_init ] --START--
INFO: Run Behavior\BuildLiteBehavior [ RunTime:0.000018s ]
INFO: [ app_init ] --END-- [ RunTime:0.000522s ]
INFO: [ app_begin ] --START--
INFO: Run Behavior\ReadHtmlCacheBehavior [ RunTime:0.000913s ]
INFO: [ app_begin ] --END-- [ RunTime:0.001020s ]
SQL: SHOW COLUMNS FROM `admin` [ RunTime:0.0123s ]
SQL: SELECT * FROM `admin` WHERE `user` = 'wenwen' AND `password` = '48a01a00a93653ac751c9387bb127da5' LIMIT 1   [ RunTime:0.0018s ]
INFO: [ view_parse ] --START--
INFO: [ template_filter ] --START--
INFO: Run Behavior\ContentReplaceBehavior [ RunTime:0.000045s ]
INFO: [ template_filter ] --END-- [ RunTime:0.000117s ]
INFO: Run Behavior\ParseTemplateBehavior [ RunTime:0.010474s ]
INFO: [ view_parse ] --END-- [ RunTime:0.010579s ]
INFO: [ view_filter ] --START--
INFO: Run Behavior\WriteHtmlCacheBehavior [ RunTime:0.000419s ]
INFO: [ view_filter ] --END-- [ RunTime:0.000460s ]
INFO: [ app_end ] --START--
INFO: Run Behavior\ShowPageTraceBehavior [ RunTime:0.000700s ]
INFO: [ app_end ] --END-- [ RunTime:0.000742s ]

[ 2018-02-08T16:40:06+08:00 ] ::1 /ysc2/index.php/home/index/index.html
INFO: [ app_init ] --START--
INFO: Run Behavior\BuildLiteBehavior [ RunTime:0.000016s ]
INFO: [ app_init ] --END-- [ RunTime:0.000589s ]
INFO: [ app_begin ] --START--
INFO: Run Behavior\ReadHtmlCacheBehavior [ RunTime:0.000620s ]
INFO: [ app_begin ] --END-- [ RunTime:0.000686s ]
SQL: SHOW COLUMNS FROM `rabc_info` [ RunTime:0.0092s ]
SQL: SELECT `id` FROM `rabc_info` WHERE `controller` = 'Home/Index/index' LIMIT 1   [ RunTime:0.0005s ]
SQL: SHOW COLUMNS FROM `roleadmin` [ RunTime:0.0092s ]
SQL: SELECT rr.rabc_id FROM roleadmin ra left join rolerabc rr on rr.role_id = ra.role_id  WHERE ra.admin_id = '1' AND rr.rabc_id = '77' LIMIT 1   [ RunTime:0.0044s ]
ERR: array (
  'rabc_id' => '77',
)
SQL: SHOW COLUMNS FROM `roleadmin` [ RunTime:0.0070s ]
SQL: SELECT RADMIN.role_id FROM roleadmin RADMIN WHERE RADMIN.admin_id = '1'  [ RunTime:0.0003s ]
SQL: SHOW COLUMNS FROM `rabc_info` [ RunTime:0.0039s ]
SQL: SELECT c.id,c.icon,c.t_id,c.controller,c.controllername FROM rabc_info c left join rolerabc rc on rc.rabc_id = c.id  WHERE ( c.is_menu = 1 and rc.role_id ="1" )  [ RunTime:0.0048s ]
INFO: [ view_parse ] --START--
NOTIC: [2] file_get_contents(./Apps/app/Home/View/public/aside.html): failed to open stream: No such file or directory C:\phpStudy\WWW\ysc2\ThinkPHP\Library\Think\Template.class.php 第 696 行.
INFO: [ template_filter ] --START--
INFO: Run Behavior\ContentReplaceBehavior [ RunTime:0.000093s ]
INFO: [ template_filter ] --END-- [ RunTime:0.000147s ]
INFO: Run Behavior\ParseTemplateBehavior [ RunTime:0.018118s ]
INFO: [ view_parse ] --END-- [ RunTime:0.018172s ]
INFO: [ view_filter ] --START--
INFO: Run Behavior\WriteHtmlCacheBehavior [ RunTime:0.000513s ]
INFO: [ view_filter ] --END-- [ RunTime:0.000545s ]
INFO: [ app_end ] --START--
INFO: Run Behavior\ShowPageTraceBehavior [ RunTime:0.000774s ]
INFO: [ app_end ] --END-- [ RunTime:0.000835s ]

[ 2018-02-08T16:40:07+08:00 ] ::1 /ysc2/index.php/home/index/welcome.html
INFO: [ app_init ] --START--
INFO: Run Behavior\BuildLiteBehavior [ RunTime:0.000020s ]
INFO: [ app_init ] --END-- [ RunTime:0.000617s ]
INFO: [ app_begin ] --START--
INFO: Run Behavior\ReadHtmlCacheBehavior [ RunTime:0.000662s ]
INFO: [ app_begin ] --END-- [ RunTime:0.000723s ]
SQL: SHOW COLUMNS FROM `rabc_info` [ RunTime:0.0072s ]
SQL: SELECT `id` FROM `rabc_info` WHERE `controller` = 'Home/Index/welcome' LIMIT 1   [ RunTime:0.0004s ]
SQL: SHOW COLUMNS FROM `roleadmin` [ RunTime:0.0058s ]
SQL: SELECT rr.rabc_id FROM roleadmin ra left join rolerabc rr on rr.role_id = ra.role_id  WHERE ra.admin_id = '1' AND rr.rabc_id = '78' LIMIT 1   [ RunTime:0.0005s ]
ERR: array (
  'rabc_id' => '78',
)
SQL: SHOW COLUMNS FROM `user` [ RunTime:0.0088s ]
SQL: SELECT COUNT(*) AS tp_count FROM `user` WHERE `is_delete` = 0 LIMIT 1   [ RunTime:0.0046s ]
SQL: SHOW COLUMNS FROM `orders` [ RunTime:0.0082s ]
SQL: SELECT COUNT(*) AS tp_count FROM `orders` WHERE `is_deleted` = 0 LIMIT 1   [ RunTime:0.0006s ]
SQL: SHOW COLUMNS FROM `seller` [ RunTime:0.0075s ]
SQL: SELECT COUNT(*) AS tp_count FROM `seller` LIMIT 1   [ RunTime:0.0006s ]
SQL: SHOW COLUMNS FROM `goods` [ RunTime:0.0063s ]
SQL: SELECT COUNT(*) AS tp_count FROM `goods` WHERE `is_delete` = 0 LIMIT 1   [ RunTime:0.0074s ]
SQL: SHOW COLUMNS FROM `article` [ RunTime:0.0057s ]
SQL: SELECT COUNT(*) AS tp_count FROM `article` LIMIT 1   [ RunTime:0.0022s ]
SQL: SHOW COLUMNS FROM `orders` [ RunTime:0.0093s ]
SQL: SELECT sum(o.total_price) as corderprice FROM orders o WHERE o.pay_status <> 0 GROUP BY o.pay_status  [ RunTime:0.0017s ]
SQL: SHOW COLUMNS FROM `record` [ RunTime:0.0080s ]
SQL: SELECT sum(paid_price) as paid_price FROM `record` WHERE `type` = 0 AND `is_pay` = 1  [ RunTime:0.0005s ]
SQL: SHOW COLUMNS FROM `telephone_fare_record` [ RunTime:0.0055s ]
SQL: SELECT sum(paid_price) as paid_price FROM `telephone_fare_record` WHERE `type` = 0 AND `state` = 1  [ RunTime:0.0009s ]
SQL: SELECT sum(paid_price) as paid_price FROM `telephone_fare_record` WHERE `type` = 1 AND `state` = 1  [ RunTime:0.0004s ]
SQL: SELECT sum(reward) as reward FROM `user` WHERE `is_disable` = 0  [ RunTime:0.0006s ]
SQL: SELECT COUNT(*) AS tp_count FROM `user` WHERE `addtime` BETWEEN 1518019200 AND 1518105600 LIMIT 1   [ RunTime:0.0016s ]
SQL: SELECT COUNT(*) AS tp_count FROM `seller` WHERE `time` BETWEEN 1518019200 AND 1518105600 LIMIT 1   [ RunTime:0.0004s ]
SQL: SELECT COUNT(*) AS tp_count FROM `orders` WHERE `addtime` BETWEEN 1518019200 AND 1518105600 LIMIT 1   [ RunTime:0.0004s ]
SQL: SHOW COLUMNS FROM `orders` [ RunTime:0.0053s ]
SQL: SELECT sum(o.total_price) as corderprice FROM orders o WHERE o.addtime BETWEEN 1518019200 AND 1518105600 AND o.pay_status <> 0 GROUP BY o.order_status  [ RunTime:0.0006s ]
NOTIC: [8] Undefined offset: 0 C:\phpStudy\WWW\ysc2\Apps\App\Home\Controller\IndexController.class.php 第 188 行.
SQL: SELECT COUNT(*) AS tp_count FROM `goods` WHERE `is_delete` = 0 AND `addtime` BETWEEN 1518019200 AND 1518105600 LIMIT 1   [ RunTime:0.0006s ]
SQL: SELECT COUNT(*) AS tp_count FROM `article` WHERE `time` BETWEEN 1518019200 AND 1518105600 LIMIT 1   [ RunTime:0.0003s ]
SQL: SELECT sum(paid_price) as paid_price FROM `record` WHERE `time` BETWEEN 1518019200 AND 1518105600 AND `type` = 0 AND `is_pay` = 1  [ RunTime:0.0003s ]
SQL: SELECT sum(paid_price) as paid_price FROM `telephone_fare_record` WHERE `time` BETWEEN 1518019200 AND 1518105600 AND `type` = 0 AND `state` = 1  [ RunTime:0.0004s ]
SQL: SELECT sum(paid_price) as paid_price FROM `telephone_fare_record` WHERE `time` BETWEEN 1518019200 AND 1518105600 AND `type` = 1 AND `state` = 1  [ RunTime:0.0004s ]
SQL: SHOW COLUMNS FROM `bonus_recommend` [ RunTime:0.0057s ]
SQL: SELECT sum(br.bonus_amount) as recommend FROM bonus_recommend br left join user u on u.id = br.user_id  WHERE u.addtime BETWEEN 1518019200 AND 1518105600  [ RunTime:0.0012s ]
SQL: SHOW COLUMNS FROM `bonus_consume` [ RunTime:0.0051s ]
SQL: SELECT sum(bc.money) as consume FROM bonus_consume bc left join orders o on o.id = bc.order_id  WHERE o.pay_time BETWEEN 1518019200 AND 1518105600 AND o.pay_status <> 0  [ RunTime:0.0006s ]
INFO: [ view_parse ] --START--
INFO: [ template_filter ] --START--
INFO: Run Behavior\ContentReplaceBehavior [ RunTime:0.000065s ]
INFO: [ template_filter ] --END-- [ RunTime:0.000106s ]
NOTIC: [8] Undefined variable: is_seller C:\phpStudy\WWW\ysc2\Runtime\Cache\Home\ee3925b7580957c46e9b1767d158436d.php 第 164 行.
NOTIC: [8] Undefined variable: is_seller C:\phpStudy\WWW\ysc2\Runtime\Cache\Home\ee3925b7580957c46e9b1767d158436d.php 第 333 行.
INFO: Run Behavior\ParseTemplateBehavior [ RunTime:0.011709s ]
INFO: [ view_parse ] --END-- [ RunTime:0.011752s ]
INFO: [ view_filter ] --START--
INFO: Run Behavior\WriteHtmlCacheBehavior [ RunTime:0.000753s ]
INFO: [ view_filter ] --END-- [ RunTime:0.000801s ]
INFO: [ app_end ] --START--
INFO: Run Behavior\ShowPageTraceBehavior [ RunTime:0.000853s ]
INFO: [ app_end ] --END-- [ RunTime:0.000908s ]

[ 2018-02-08T16:40:15+08:00 ] ::1 /ysc2/admin.php/Home/User/index
INFO: [ app_init ] --START--
INFO: Run Behavior\BuildLiteBehavior [ RunTime:0.000012s ]
INFO: [ app_init ] --END-- [ RunTime:0.000485s ]
INFO: [ app_begin ] --START--
INFO: Run Behavior\ReadHtmlCacheBehavior [ RunTime:0.001125s ]
INFO: [ app_begin ] --END-- [ RunTime:0.001279s ]
SQL: SHOW COLUMNS FROM `rabc_info` [ RunTime:0.0110s ]
SQL: SELECT `id` FROM `rabc_info` WHERE `controller` = 'Home/User/index' LIMIT 1   [ RunTime:0.0005s ]
SQL: SHOW COLUMNS FROM `roleadmin` [ RunTime:0.0091s ]
SQL: SELECT rr.rabc_id FROM roleadmin ra left join rolerabc rr on rr.role_id = ra.role_id  WHERE ra.admin_id = '1' AND rr.rabc_id = '23' LIMIT 1   [ RunTime:0.0006s ]
ERR: array (
  'rabc_id' => '23',
)
NOTIC: [2] Missing argument 1 for I(), called in C:\phpStudy\WWW\ysc2\Apps\App\Home\Controller\UserController.class.php on line 15 and defined C:\phpStudy\WWW\ysc2\ThinkPHP\Common\functions.php 第 269 行.
NOTIC: [8] Undefined variable: name C:\phpStudy\WWW\ysc2\ThinkPHP\Common\functions.php 第 270 行.
NOTIC: [8] Undefined variable: name C:\phpStudy\WWW\ysc2\ThinkPHP\Common\functions.php 第 307 行.
NOTIC: [8] Undefined index: p C:\phpStudy\WWW\ysc2\Apps\App\Home\Controller\UserController.class.php 第 51 行.
SQL: SHOW COLUMNS FROM `user` [ RunTime:0.0059s ]
NOTIC: [8] Undefined index: limit C:\phpStudy\WWW\ysc2\ThinkPHP\Library\Think\Db\Driver.class.php 第 961 行.
SQL: SELECT u.*,us.username as shangname,us.userphone as shangphone FROM user as u left join user as us on us.id=u.introduce  LIMIT 0,20   [ RunTime:0.0018s ]
SQL: SHOW COLUMNS FROM `user` [ RunTime:0.0064s ]
SQL: SELECT COUNT(*) AS tp_count FROM user as u left join user as us on us.id=u.introduce  LIMIT 1   [ RunTime:0.0017s ]
INFO: [ view_parse ] --START--
INFO: [ template_filter ] --START--
INFO: Run Behavior\ContentReplaceBehavior [ RunTime:0.000071s ]
INFO: [ template_filter ] --END-- [ RunTime:0.000113s ]
NOTIC: [8] Undefined index: userphone C:\phpStudy\WWW\ysc2\Runtime\Cache\Home\1b803097b9c7dda67ea37245886f0487.php 第 38 行.
NOTIC: [8] Undefined index: username C:\phpStudy\WWW\ysc2\Runtime\Cache\Home\1b803097b9c7dda67ea37245886f0487.php 第 39 行.
NOTIC: [8] Undefined index: introduce C:\phpStudy\WWW\ysc2\Runtime\Cache\Home\1b803097b9c7dda67ea37245886f0487.php 第 40 行.
NOTIC: [8] Undefined index: is_disable C:\phpStudy\WWW\ysc2\Runtime\Cache\Home\1b803097b9c7dda67ea37245886f0487.php 第 43 行.
NOTIC: [8] Undefined index: goods_id C:\phpStudy\WWW\ysc2\Runtime\Cache\Home\1b803097b9c7dda67ea37245886f0487.php 第 89 行.
NOTIC: [8] Undefined index: goods_id C:\phpStudy\WWW\ysc2\Runtime\Cache\Home\1b803097b9c7dda67ea37245886f0487.php 第 89 行.
NOTIC: [8] Undefined index: goods_id C:\phpStudy\WWW\ysc2\Runtime\Cache\Home\1b803097b9c7dda67ea37245886f0487.php 第 89 行.
NOTIC: [8] Undefined index: goods_id C:\phpStudy\WWW\ysc2\Runtime\Cache\Home\1b803097b9c7dda67ea37245886f0487.php 第 89 行.
NOTIC: [8] Undefined index: goods_id C:\phpStudy\WWW\ysc2\Runtime\Cache\Home\1b803097b9c7dda67ea37245886f0487.php 第 89 行.
NOTIC: [8] Undefined index: goods_id C:\phpStudy\WWW\ysc2\Runtime\Cache\Home\1b803097b9c7dda67ea37245886f0487.php 第 89 行.
NOTIC: [8] Undefined index: goods_id C:\phpStudy\WWW\ysc2\Runtime\Cache\Home\1b803097b9c7dda67ea37245886f0487.php 第 89 行.
NOTIC: [8] Undefined index: goods_id C:\phpStudy\WWW\ysc2\Runtime\Cache\Home\1b803097b9c7dda67ea37245886f0487.php 第 89 行.
NOTIC: [8] Undefined index: goods_id C:\phpStudy\WWW\ysc2\Runtime\Cache\Home\1b803097b9c7dda67ea37245886f0487.php 第 89 行.
NOTIC: [8] Undefined index: goods_id C:\phpStudy\WWW\ysc2\Runtime\Cache\Home\1b803097b9c7dda67ea37245886f0487.php 第 89 行.
NOTIC: [8] Undefined index: goods_id C:\phpStudy\WWW\ysc2\Runtime\Cache\Home\1b803097b9c7dda67ea37245886f0487.php 第 89 行.
NOTIC: [8] Undefined index: goods_id C:\phpStudy\WWW\ysc2\Runtime\Cache\Home\1b803097b9c7dda67ea37245886f0487.php 第 89 行.
NOTIC: [8] Undefined index: goods_id C:\phpStudy\WWW\ysc2\Runtime\Cache\Home\1b803097b9c7dda67ea37245886f0487.php 第 89 行.
NOTIC: [8] Undefined index: goods_id C:\phpStudy\WWW\ysc2\Runtime\Cache\Home\1b803097b9c7dda67ea37245886f0487.php 第 89 行.
NOTIC: [8] Undefined index: goods_id C:\phpStudy\WWW\ysc2\Runtime\Cache\Home\1b803097b9c7dda67ea37245886f0487.php 第 89 行.
NOTIC: [8] Undefined index: goods_id C:\phpStudy\WWW\ysc2\Runtime\Cache\Home\1b803097b9c7dda67ea37245886f0487.php 第 89 行.
NOTIC: [8] Undefined index: goods_id C:\phpStudy\WWW\ysc2\Runtime\Cache\Home\1b803097b9c7dda67ea37245886f0487.php 第 89 行.
NOTIC: [8] Undefined index: goods_id C:\phpStudy\WWW\ysc2\Runtime\Cache\Home\1b803097b9c7dda67ea37245886f0487.php 第 89 行.
NOTIC: [8] Undefined index: goods_id C:\phpStudy\WWW\ysc2\Runtime\Cache\Home\1b803097b9c7dda67ea37245886f0487.php 第 89 行.
NOTIC: [8] Undefined index: goods_id C:\phpStudy\WWW\ysc2\Runtime\Cache\Home\1b803097b9c7dda67ea37245886f0487.php 第 89 行.
INFO: Run Behavior\ParseTemplateBehavior [ RunTime:0.013615s ]
INFO: [ view_parse ] --END-- [ RunTime:0.013671s ]
INFO: [ view_filter ] --START--
INFO: Run Behavior\WriteHtmlCacheBehavior [ RunTime:0.000394s ]
INFO: [ view_filter ] --END-- [ RunTime:0.000433s ]
INFO: [ app_end ] --START--
INFO: Run Behavior\ShowPageTraceBehavior [ RunTime:0.000584s ]
INFO: [ app_end ] --END-- [ RunTime:0.000629s ]

[ 2018-02-08T16:40:16+08:00 ] ::1 /ysc2/admin.php/Home/User/index
INFO: [ app_init ] --START--
INFO: Run Behavior\BuildLiteBehavior [ RunTime:0.000012s ]
INFO: [ app_init ] --END-- [ RunTime:0.000425s ]
INFO: [ app_begin ] --START--
INFO: Run Behavior\ReadHtmlCacheBehavior [ RunTime:0.000507s ]
INFO: [ app_begin ] --END-- [ RunTime:0.000568s ]
SQL: SHOW COLUMNS FROM `rabc_info` [ RunTime:0.0124s ]
SQL: SELECT `id` FROM `rabc_info` WHERE `controller` = 'Home/User/index' LIMIT 1   [ RunTime:0.0006s ]
SQL: SHOW COLUMNS FROM `roleadmin` [ RunTime:0.0098s ]
SQL: SELECT rr.rabc_id FROM roleadmin ra left join rolerabc rr on rr.role_id = ra.role_id  WHERE ra.admin_id = '1' AND rr.rabc_id = '23' LIMIT 1   [ RunTime:0.0008s ]
ERR: array (
  'rabc_id' => '23',
)
NOTIC: [2] Missing argument 1 for I(), called in C:\phpStudy\WWW\ysc2\Apps\App\Home\Controller\UserController.class.php on line 15 and defined C:\phpStudy\WWW\ysc2\ThinkPHP\Common\functions.php 第 269 行.
NOTIC: [8] Undefined variable: name C:\phpStudy\WWW\ysc2\ThinkPHP\Common\functions.php 第 270 行.
NOTIC: [8] Undefined variable: name C:\phpStudy\WWW\ysc2\ThinkPHP\Common\functions.php 第 307 行.
NOTIC: [8] Undefined index: p C:\phpStudy\WWW\ysc2\Apps\App\Home\Controller\UserController.class.php 第 51 行.
SQL: SHOW COLUMNS FROM `user` [ RunTime:0.0147s ]
NOTIC: [8] Undefined index: limit C:\phpStudy\WWW\ysc2\ThinkPHP\Library\Think\Db\Driver.class.php 第 961 行.
SQL: SELECT u.*,us.username as shangname,us.userphone as shangphone FROM user as u left join user as us on us.id=u.introduce  LIMIT 0,20   [ RunTime:0.0015s ]
SQL: SHOW COLUMNS FROM `user` [ RunTime:0.0076s ]
SQL: SELECT COUNT(*) AS tp_count FROM user as u left join user as us on us.id=u.introduce  LIMIT 1   [ RunTime:0.0022s ]
INFO: [ view_parse ] --START--
INFO: [ template_filter ] --START--
INFO: Run Behavior\ContentReplaceBehavior [ RunTime:0.000108s ]
INFO: [ template_filter ] --END-- [ RunTime:0.000150s ]
NOTIC: [8] Undefined index: userphone C:\phpStudy\WWW\ysc2\Runtime\Cache\Home\1b803097b9c7dda67ea37245886f0487.php 第 38 行.
NOTIC: [8] Undefined index: username C:\phpStudy\WWW\ysc2\Runtime\Cache\Home\1b803097b9c7dda67ea37245886f0487.php 第 39 行.
NOTIC: [8] Undefined index: introduce C:\phpStudy\WWW\ysc2\Runtime\Cache\Home\1b803097b9c7dda67ea37245886f0487.php 第 40 行.
NOTIC: [8] Undefined index: is_disable C:\phpStudy\WWW\ysc2\Runtime\Cache\Home\1b803097b9c7dda67ea37245886f0487.php 第 43 行.
NOTIC: [8] Undefined index: goods_id C:\phpStudy\WWW\ysc2\Runtime\Cache\Home\1b803097b9c7dda67ea37245886f0487.php 第 89 行.
NOTIC: [8] Undefined index: goods_id C:\phpStudy\WWW\ysc2\Runtime\Cache\Home\1b803097b9c7dda67ea37245886f0487.php 第 89 行.
NOTIC: [8] Undefined index: goods_id C:\phpStudy\WWW\ysc2\Runtime\Cache\Home\1b803097b9c7dda67ea37245886f0487.php 第 89 行.
NOTIC: [8] Undefined index: goods_id C:\phpStudy\WWW\ysc2\Runtime\Cache\Home\1b803097b9c7dda67ea37245886f0487.php 第 89 行.
NOTIC: [8] Undefined index: goods_id C:\phpStudy\WWW\ysc2\Runtime\Cache\Home\1b803097b9c7dda67ea37245886f0487.php 第 89 行.
NOTIC: [8] Undefined index: goods_id C:\phpStudy\WWW\ysc2\Runtime\Cache\Home\1b803097b9c7dda67ea37245886f0487.php 第 89 行.
NOTIC: [8] Undefined index: goods_id C:\phpStudy\WWW\ysc2\Runtime\Cache\Home\1b803097b9c7dda67ea37245886f0487.php 第 89 行.
NOTIC: [8] Undefined index: goods_id C:\phpStudy\WWW\ysc2\Runtime\Cache\Home\1b803097b9c7dda67ea37245886f0487.php 第 89 行.
NOTIC: [8] Undefined index: goods_id C:\phpStudy\WWW\ysc2\Runtime\Cache\Home\1b803097b9c7dda67ea37245886f0487.php 第 89 行.
NOTIC: [8] Undefined index: goods_id C:\phpStudy\WWW\ysc2\Runtime\Cache\Home\1b803097b9c7dda67ea37245886f0487.php 第 89 行.
NOTIC: [8] Undefined index: goods_id C:\phpStudy\WWW\ysc2\Runtime\Cache\Home\1b803097b9c7dda67ea37245886f0487.php 第 89 行.
NOTIC: [8] Undefined index: goods_id C:\phpStudy\WWW\ysc2\Runtime\Cache\Home\1b803097b9c7dda67ea37245886f0487.php 第 89 行.
NOTIC: [8] Undefined index: goods_id C:\phpStudy\WWW\ysc2\Runtime\Cache\Home\1b803097b9c7dda67ea37245886f0487.php 第 89 行.
NOTIC: [8] Undefined index: goods_id C:\phpStudy\WWW\ysc2\Runtime\Cache\Home\1b803097b9c7dda67ea37245886f0487.php 第 89 行.
NOTIC: [8] Undefined index: goods_id C:\phpStudy\WWW\ysc2\Runtime\Cache\Home\1b803097b9c7dda67ea37245886f0487.php 第 89 行.
NOTIC: [8] Undefined index: goods_id C:\phpStudy\WWW\ysc2\Runtime\Cache\Home\1b803097b9c7dda67ea37245886f0487.php 第 89 行.
NOTIC: [8] Undefined index: goods_id C:\phpStudy\WWW\ysc2\Runtime\Cache\Home\1b803097b9c7dda67ea37245886f0487.php 第 89 行.
NOTIC: [8] Undefined index: goods_id C:\phpStudy\WWW\ysc2\Runtime\Cache\Home\1b803097b9c7dda67ea37245886f0487.php 第 89 行.
NOTIC: [8] Undefined index: goods_id C:\phpStudy\WWW\ysc2\Runtime\Cache\Home\1b803097b9c7dda67ea37245886f0487.php 第 89 行.
NOTIC: [8] Undefined index: goods_id C:\phpStudy\WWW\ysc2\Runtime\Cache\Home\1b803097b9c7dda67ea37245886f0487.php 第 89 行.
INFO: Run Behavior\ParseTemplateBehavior [ RunTime:0.027272s ]
INFO: [ view_parse ] --END-- [ RunTime:0.027317s ]
INFO: [ view_filter ] --START--
INFO: Run Behavior\WriteHtmlCacheBehavior [ RunTime:0.000334s ]
INFO: [ view_filter ] --END-- [ RunTime:0.000362s ]
INFO: [ app_end ] --START--
INFO: Run Behavior\ShowPageTraceBehavior [ RunTime:0.000694s ]
INFO: [ app_end ] --END-- [ RunTime:0.000733s ]

[ 2018-02-08T16:40:19+08:00 ] ::1 /ysc2/admin.php/home/user/userlook/id/4.html
INFO: [ app_init ] --START--
INFO: Run Behavior\BuildLiteBehavior [ RunTime:0.000011s ]
INFO: [ app_init ] --END-- [ RunTime:0.000325s ]
INFO: [ app_begin ] --START--
INFO: Run Behavior\ReadHtmlCacheBehavior [ RunTime:0.000517s ]
INFO: [ app_begin ] --END-- [ RunTime:0.000570s ]
SQL: SHOW COLUMNS FROM `rabc_info` [ RunTime:0.0173s ]
SQL: SELECT `id` FROM `rabc_info` WHERE `controller` = 'Home/User/userlook' LIMIT 1   [ RunTime:0.0015s ]
SQL: SHOW COLUMNS FROM `roleadmin` [ RunTime:0.0124s ]
SQL: SELECT rr.rabc_id FROM roleadmin ra left join rolerabc rr on rr.role_id = ra.role_id  WHERE ra.admin_id = '1' AND rr.rabc_id = '2073' LIMIT 1   [ RunTime:0.0004s ]
ERR: array (
  'rabc_id' => '2073',
)
SQL: SHOW COLUMNS FROM `user` [ RunTime:0.0064s ]
SQL: SELECT * FROM `user` WHERE `id` = 4 LIMIT 1   [ RunTime:0.0007s ]
SQL: SHOW COLUMNS FROM `user_addr` [ RunTime:0.0060s ]
SQL: SELECT * FROM `user_addr` WHERE `user_id` = 4  [ RunTime:0.0008s ]
SQL: SHOW COLUMNS FROM `user_upgrade_logs` [ RunTime:0.0060s ]
SQL: SELECT u.*,p.name as type_name,pa.name as upgrade_type_name FROM user_upgrade_logs u INNER JOIN partner p on p.id=u.type INNER JOIN partner pa on pa.id=u.upgrade_type  WHERE `user_id` = '4'  [ RunTime:0.0015s ]
INFO: [ view_parse ] --START--
INFO: [ template_filter ] --START--
INFO: Run Behavior\ContentReplaceBehavior [ RunTime:0.000059s ]
INFO: [ template_filter ] --END-- [ RunTime:0.000096s ]
INFO: Run Behavior\ParseTemplateBehavior [ RunTime:0.010316s ]
INFO: [ view_parse ] --END-- [ RunTime:0.010366s ]
INFO: [ view_filter ] --START--
INFO: Run Behavior\WriteHtmlCacheBehavior [ RunTime:0.000221s ]
INFO: [ view_filter ] --END-- [ RunTime:0.000248s ]
INFO: [ app_end ] --START--
INFO: Run Behavior\ShowPageTraceBehavior [ RunTime:0.000414s ]
INFO: [ app_end ] --END-- [ RunTime:0.000447s ]

[ 2018-02-08T16:40:25+08:00 ] ::1 /ysc2/admin.php/Home/User/upgradeindex
INFO: [ app_init ] --START--
INFO: Run Behavior\BuildLiteBehavior [ RunTime:0.000010s ]
INFO: [ app_init ] --END-- [ RunTime:0.000338s ]
INFO: [ app_begin ] --START--
INFO: Run Behavior\ReadHtmlCacheBehavior [ RunTime:0.000427s ]
INFO: [ app_begin ] --END-- [ RunTime:0.000474s ]
SQL: SHOW COLUMNS FROM `rabc_info` [ RunTime:0.0106s ]
SQL: SELECT `id` FROM `rabc_info` WHERE `controller` = 'Home/User/upgradeindex' LIMIT 1   [ RunTime:0.0007s ]
SQL: SHOW COLUMNS FROM `roleadmin` [ RunTime:0.0129s ]
SQL: SELECT rr.rabc_id FROM roleadmin ra left join rolerabc rr on rr.role_id = ra.role_id  WHERE ra.admin_id = '1' AND rr.rabc_id = '24' LIMIT 1   [ RunTime:0.0009s ]
ERR: array (
  'rabc_id' => '24',
)
NOTIC: [2] Missing argument 1 for I(), called in C:\phpStudy\WWW\ysc2\Apps\App\Home\Controller\UserController.class.php on line 183 and defined C:\phpStudy\WWW\ysc2\ThinkPHP\Common\functions.php 第 269 行.
NOTIC: [8] Undefined variable: name C:\phpStudy\WWW\ysc2\ThinkPHP\Common\functions.php 第 270 行.
NOTIC: [8] Undefined variable: name C:\phpStudy\WWW\ysc2\ThinkPHP\Common\functions.php 第 307 行.
NOTIC: [8] Undefined index: p C:\phpStudy\WWW\ysc2\Apps\App\Home\Controller\UserController.class.php 第 240 行.
SQL: SHOW COLUMNS FROM `user_upgrade_logs` [ RunTime:0.0126s ]
NOTIC: [8] Undefined index: limit C:\phpStudy\WWW\ysc2\ThinkPHP\Library\Think\Db\Driver.class.php 第 961 行.
SQL: SELECT u.*,us.username as shangname,us.userphone as shangphone,us.avatar,p.name as typename,pa.name as sname FROM user_upgrade_logs as u left join user as us on us.id=u.user_id left join partner as p on u.type=p.id left join partner as pa on u.upgrade_type=pa.id  LIMIT 0,20   [ RunTime:0.0019s ]
SQL: SHOW COLUMNS FROM `user_upgrade_logs` [ RunTime:0.0077s ]
SQL: SELECT COUNT(*) AS tp_count FROM user_upgrade_logs as u left join user as us on us.id=u.user_id left join partner as p on u.type=p.id left join partner as pa on u.upgrade_type=pa.id  LIMIT 1   [ RunTime:0.0007s ]
SQL: SHOW COLUMNS FROM `partner` [ RunTime:0.0054s ]
SQL: SELECT * FROM `partner`  [ RunTime:0.0004s ]
INFO: [ view_parse ] --START--
INFO: [ template_filter ] --START--
INFO: Run Behavior\ContentReplaceBehavior [ RunTime:0.000114s ]
INFO: [ template_filter ] --END-- [ RunTime:0.000168s ]
NOTIC: [8] Undefined index: userphone C:\phpStudy\WWW\ysc2\Runtime\Cache\Home\bcdcc606cd0e574c3a18be9e7978fbf5.php 第 38 行.
NOTIC: [8] Undefined index: username C:\phpStudy\WWW\ysc2\Runtime\Cache\Home\bcdcc606cd0e574c3a18be9e7978fbf5.php 第 39 行.
NOTIC: [8] Undefined index: upgrade_type C:\phpStudy\WWW\ysc2\Runtime\Cache\Home\bcdcc606cd0e574c3a18be9e7978fbf5.php 第 42 行.
NOTIC: [8] Undefined index: condition C:\phpStudy\WWW\ysc2\Runtime\Cache\Home\bcdcc606cd0e574c3a18be9e7978fbf5.php 第 55 行.
NOTIC: [8] Undefined index: time C:\phpStudy\WWW\ysc2\Runtime\Cache\Home\bcdcc606cd0e574c3a18be9e7978fbf5.php 第 68 行.
NOTIC: [8] Undefined index: time2 C:\phpStudy\WWW\ysc2\Runtime\Cache\Home\bcdcc606cd0e574c3a18be9e7978fbf5.php 第 70 行.
NOTIC: [8] Undefined index: state C:\phpStudy\WWW\ysc2\Runtime\Cache\Home\bcdcc606cd0e574c3a18be9e7978fbf5.php 第 73 行.
INFO: Run Behavior\ParseTemplateBehavior [ RunTime:0.015772s ]
INFO: [ view_parse ] --END-- [ RunTime:0.015840s ]
INFO: [ view_filter ] --START--
INFO: Run Behavior\WriteHtmlCacheBehavior [ RunTime:0.000329s ]
INFO: [ view_filter ] --END-- [ RunTime:0.000368s ]
INFO: [ app_end ] --START--
INFO: Run Behavior\ShowPageTraceBehavior [ RunTime:0.000704s ]
INFO: [ app_end ] --END-- [ RunTime:0.000768s ]

[ 2018-02-08T16:40:34+08:00 ] ::1 /ysc2/admin.php/Home/Two/twoindex
INFO: [ app_init ] --START--
INFO: Run Behavior\BuildLiteBehavior [ RunTime:0.000010s ]
INFO: [ app_init ] --END-- [ RunTime:0.000363s ]
INFO: [ app_begin ] --START--
INFO: Run Behavior\ReadHtmlCacheBehavior [ RunTime:0.000485s ]
INFO: [ app_begin ] --END-- [ RunTime:0.000524s ]
SQL: SHOW COLUMNS FROM `rabc_info` [ RunTime:0.0059s ]
SQL: SELECT `id` FROM `rabc_info` WHERE `controller` = 'Home/Two/twoindex' LIMIT 1   [ RunTime:0.0004s ]
SQL: SHOW COLUMNS FROM `roleadmin` [ RunTime:0.0042s ]
SQL: SELECT rr.rabc_id FROM roleadmin ra left join rolerabc rr on rr.role_id = ra.role_id  WHERE ra.admin_id = '1' AND rr.rabc_id = '2147' LIMIT 1   [ RunTime:0.0004s ]
ERR: array (
  'rabc_id' => '2147',
)
NOTIC: [2] Missing argument 1 for I(), called in C:\phpStudy\WWW\ysc2\Apps\App\Home\Controller\TwoController.class.php on line 15 and defined C:\phpStudy\WWW\ysc2\ThinkPHP\Common\functions.php 第 269 行.
NOTIC: [8] Undefined variable: name C:\phpStudy\WWW\ysc2\ThinkPHP\Common\functions.php 第 270 行.
NOTIC: [8] Undefined variable: name C:\phpStudy\WWW\ysc2\ThinkPHP\Common\functions.php 第 307 行.
SQL: SHOW COLUMNS FROM `base` [ RunTime:0.0051s ]
SQL: SELECT `b_pic` FROM `base` WHERE `id` = 1 LIMIT 1   [ RunTime:0.0004s ]
INFO: [ view_parse ] --START--
INFO: [ template_filter ] --START--
INFO: Run Behavior\ContentReplaceBehavior [ RunTime:0.000058s ]
INFO: [ template_filter ] --END-- [ RunTime:0.000110s ]
INFO: Run Behavior\ParseTemplateBehavior [ RunTime:0.006561s ]
INFO: [ view_parse ] --END-- [ RunTime:0.006612s ]
INFO: [ view_filter ] --START--
INFO: Run Behavior\WriteHtmlCacheBehavior [ RunTime:0.000312s ]
INFO: [ view_filter ] --END-- [ RunTime:0.000349s ]
INFO: [ app_end ] --START--
INFO: Run Behavior\ShowPageTraceBehavior [ RunTime:0.000472s ]
INFO: [ app_end ] --END-- [ RunTime:0.000500s ]

[ 2018-02-08T16:40:38+08:00 ] ::1 /ysc2/admin.php/Home/Seller/sellerindex
INFO: [ app_init ] --START--
INFO: Run Behavior\BuildLiteBehavior [ RunTime:0.000029s ]
INFO: [ app_init ] --END-- [ RunTime:0.001043s ]
INFO: [ app_begin ] --START--
INFO: Run Behavior\ReadHtmlCacheBehavior [ RunTime:0.000522s ]
INFO: [ app_begin ] --END-- [ RunTime:0.000563s ]
SQL: SHOW COLUMNS FROM `rabc_info` [ RunTime:0.0062s ]
SQL: SELECT `id` FROM `rabc_info` WHERE `controller` = 'Home/Seller/sellerindex' LIMIT 1   [ RunTime:0.0004s ]
SQL: SHOW COLUMNS FROM `roleadmin` [ RunTime:0.0042s ]
SQL: SELECT rr.rabc_id FROM roleadmin ra left join rolerabc rr on rr.role_id = ra.role_id  WHERE ra.admin_id = '1' AND rr.rabc_id = '401' LIMIT 1   [ RunTime:0.0004s ]
ERR: array (
  'rabc_id' => '401',
)
NOTIC: [2] Missing argument 1 for I(), called in C:\phpStudy\WWW\ysc2\Apps\App\Home\Controller\SellerController.class.php on line 15 and defined C:\phpStudy\WWW\ysc2\ThinkPHP\Common\functions.php 第 269 行.
NOTIC: [8] Undefined variable: name C:\phpStudy\WWW\ysc2\ThinkPHP\Common\functions.php 第 270 行.
NOTIC: [8] Undefined variable: name C:\phpStudy\WWW\ysc2\ThinkPHP\Common\functions.php 第 307 行.
NOTIC: [8] Undefined index: p C:\phpStudy\WWW\ysc2\Apps\App\Home\Controller\SellerController.class.php 第 81 行.
SQL: SHOW COLUMNS FROM `seller` [ RunTime:0.0055s ]
NOTIC: [8] Undefined index: limit C:\phpStudy\WWW\ysc2\ThinkPHP\Library\Think\Db\Driver.class.php 第 961 行.
SQL: SELECT * FROM `seller` LIMIT 0,20   [ RunTime:0.0007s ]
SQL: SHOW COLUMNS FROM `seller` [ RunTime:0.0049s ]
SQL: SELECT COUNT(*) AS tp_count FROM `seller` LIMIT 1   [ RunTime:0.0003s ]
INFO: [ view_parse ] --START--
INFO: [ template_filter ] --START--
INFO: Run Behavior\ContentReplaceBehavior [ RunTime:0.000071s ]
INFO: [ template_filter ] --END-- [ RunTime:0.000112s ]
NOTIC: [8] Undefined index: name C:\phpStudy\WWW\ysc2\Runtime\Cache\Home\6b1385fdbd593945acf1d1270b1aeb6b.php 第 40 行.
NOTIC: [8] Undefined index: synopsis C:\phpStudy\WWW\ysc2\Runtime\Cache\Home\6b1385fdbd593945acf1d1270b1aeb6b.php 第 41 行.
NOTIC: [8] Undefined index: is_disable C:\phpStudy\WWW\ysc2\Runtime\Cache\Home\6b1385fdbd593945acf1d1270b1aeb6b.php 第 51 行.
NOTIC: [8] Undefined index: addtime C:\phpStudy\WWW\ysc2\Runtime\Cache\Home\6b1385fdbd593945acf1d1270b1aeb6b.php 第 110 行.
NOTIC: [8] Undefined index: addtime C:\phpStudy\WWW\ysc2\Runtime\Cache\Home\6b1385fdbd593945acf1d1270b1aeb6b.php 第 110 行.
NOTIC: [8] Undefined index: addtime C:\phpStudy\WWW\ysc2\Runtime\Cache\Home\6b1385fdbd593945acf1d1270b1aeb6b.php 第 110 行.
NOTIC: [8] Undefined index: addtime C:\phpStudy\WWW\ysc2\Runtime\Cache\Home\6b1385fdbd593945acf1d1270b1aeb6b.php 第 110 行.
NOTIC: [8] Undefined index: addtime C:\phpStudy\WWW\ysc2\Runtime\Cache\Home\6b1385fdbd593945acf1d1270b1aeb6b.php 第 110 行.
NOTIC: [8] Undefined index: addtime C:\phpStudy\WWW\ysc2\Runtime\Cache\Home\6b1385fdbd593945acf1d1270b1aeb6b.php 第 110 行.
NOTIC: [8] Undefined index: addtime C:\phpStudy\WWW\ysc2\Runtime\Cache\Home\6b1385fdbd593945acf1d1270b1aeb6b.php 第 110 行.
NOTIC: [8] Undefined index: addtime C:\phpStudy\WWW\ysc2\Runtime\Cache\Home\6b1385fdbd593945acf1d1270b1aeb6b.php 第 110 行.
NOTIC: [8] Undefined index: addtime C:\phpStudy\WWW\ysc2\Runtime\Cache\Home\6b1385fdbd593945acf1d1270b1aeb6b.php 第 110 行.
NOTIC: [8] Undefined index: addtime C:\phpStudy\WWW\ysc2\Runtime\Cache\Home\6b1385fdbd593945acf1d1270b1aeb6b.php 第 110 行.
NOTIC: [8] Undefined index: addtime C:\phpStudy\WWW\ysc2\Runtime\Cache\Home\6b1385fdbd593945acf1d1270b1aeb6b.php 第 110 行.
NOTIC: [8] Undefined index: addtime C:\phpStudy\WWW\ysc2\Runtime\Cache\Home\6b1385fdbd593945acf1d1270b1aeb6b.php 第 110 行.
NOTIC: [8] Undefined index: addtime C:\phpStudy\WWW\ysc2\Runtime\Cache\Home\6b1385fdbd593945acf1d1270b1aeb6b.php 第 110 行.
NOTIC: [8] Undefined index: addtime C:\phpStudy\WWW\ysc2\Runtime\Cache\Home\6b1385fdbd593945acf1d1270b1aeb6b.php 第 110 行.
NOTIC: [8] Undefined index: addtime C:\phpStudy\WWW\ysc2\Runtime\Cache\Home\6b1385fdbd593945acf1d1270b1aeb6b.php 第 110 行.
NOTIC: [8] Undefined index: addtime C:\phpStudy\WWW\ysc2\Runtime\Cache\Home\6b1385fdbd593945acf1d1270b1aeb6b.php 第 110 行.
NOTIC: [8] Undefined index: addtime C:\phpStudy\WWW\ysc2\Runtime\Cache\Home\6b1385fdbd593945acf1d1270b1aeb6b.php 第 110 行.
NOTIC: [8] Undefined index: addtime C:\phpStudy\WWW\ysc2\Runtime\Cache\Home\6b1385fdbd593945acf1d1270b1aeb6b.php 第 110 行.
NOTIC: [8] Undefined index: addtime C:\phpStudy\WWW\ysc2\Runtime\Cache\Home\6b1385fdbd593945acf1d1270b1aeb6b.php 第 110 行.
NOTIC: [8] Undefined index: addtime C:\phpStudy\WWW\ysc2\Runtime\Cache\Home\6b1385fdbd593945acf1d1270b1aeb6b.php 第 110 行.
NOTIC: [8] Undefined index: prov C:\phpStudy\WWW\ysc2\Runtime\Cache\Home\6b1385fdbd593945acf1d1270b1aeb6b.php 第 136 行.
NOTIC: [8] Undefined index: city C:\phpStudy\WWW\ysc2\Runtime\Cache\Home\6b1385fdbd593945acf1d1270b1aeb6b.php 第 137 行.
NOTIC: [8] Undefined index: dist C:\phpStudy\WWW\ysc2\Runtime\Cache\Home\6b1385fdbd593945acf1d1270b1aeb6b.php 第 138 行.
INFO: Run Behavior\ParseTemplateBehavior [ RunTime:0.011562s ]
INFO: [ view_parse ] --END-- [ RunTime:0.011611s ]
INFO: [ view_filter ] --START--
INFO: Run Behavior\WriteHtmlCacheBehavior [ RunTime:0.000479s ]
INFO: [ view_filter ] --END-- [ RunTime:0.000516s ]
INFO: [ app_end ] --START--
INFO: Run Behavior\ShowPageTraceBehavior [ RunTime:0.000779s ]
INFO: [ app_end ] --END-- [ RunTime:0.000842s ]

[ 2018-02-08T16:40:40+08:00 ] ::1 /ysc2/admin.php/home/seller/sellerinfo/id/1.html
INFO: [ app_init ] --START--
INFO: Run Behavior\BuildLiteBehavior [ RunTime:0.000011s ]
INFO: [ app_init ] --END-- [ RunTime:0.000330s ]
INFO: [ app_begin ] --START--
INFO: Run Behavior\ReadHtmlCacheBehavior [ RunTime:0.000442s ]
INFO: [ app_begin ] --END-- [ RunTime:0.000488s ]
SQL: SHOW COLUMNS FROM `rabc_info` [ RunTime:0.0091s ]
SQL: SELECT `id` FROM `rabc_info` WHERE `controller` = 'Home/Seller/sellerinfo' LIMIT 1   [ RunTime:0.0005s ]
SQL: SHOW COLUMNS FROM `roleadmin` [ RunTime:0.0072s ]
SQL: SELECT rr.rabc_id FROM roleadmin ra left join rolerabc rr on rr.role_id = ra.role_id  WHERE ra.admin_id = '1' AND rr.rabc_id = '408' LIMIT 1   [ RunTime:0.0006s ]
ERR: array (
  'rabc_id' => '408',
)
SQL: SHOW COLUMNS FROM `seller` [ RunTime:0.0086s ]
SQL: SELECT * FROM `seller` WHERE `id` = 1 LIMIT 1   [ RunTime:0.0011s ]
INFO: [ view_parse ] --START--
INFO: [ template_filter ] --START--
INFO: Run Behavior\ContentReplaceBehavior [ RunTime:0.000107s ]
INFO: [ template_filter ] --END-- [ RunTime:0.000185s ]
NOTIC: [8] Undefined variable: page C:\phpStudy\WWW\ysc2\Runtime\Cache\Home\5cfd4268368ae6ddbe1012f9120659fa.php 第 112 行.
INFO: Run Behavior\ParseTemplateBehavior [ RunTime:0.015115s ]
INFO: [ view_parse ] --END-- [ RunTime:0.015204s ]
INFO: [ view_filter ] --START--
INFO: Run Behavior\WriteHtmlCacheBehavior [ RunTime:0.000448s ]
INFO: [ view_filter ] --END-- [ RunTime:0.000509s ]
INFO: [ app_end ] --START--
INFO: Run Behavior\ShowPageTraceBehavior [ RunTime:0.000832s ]
INFO: [ app_end ] --END-- [ RunTime:0.000902s ]

[ 2018-02-08T16:40:47+08:00 ] ::1 /ysc2/admin.php/Home/Selleruser/selleruserindex
INFO: [ app_init ] --START--
INFO: Run Behavior\BuildLiteBehavior [ RunTime:0.000010s ]
INFO: [ app_init ] --END-- [ RunTime:0.000364s ]
INFO: [ app_begin ] --START--
INFO: Run Behavior\ReadHtmlCacheBehavior [ RunTime:0.000574s ]
INFO: [ app_begin ] --END-- [ RunTime:0.000634s ]
SQL: SHOW COLUMNS FROM `rabc_info` [ RunTime:0.0063s ]
SQL: SELECT `id` FROM `rabc_info` WHERE `controller` = 'Home/Selleruser/selleruserindex' LIMIT 1   [ RunTime:0.0004s ]
SQL: SHOW COLUMNS FROM `roleadmin` [ RunTime:0.0051s ]
SQL: SELECT rr.rabc_id FROM roleadmin ra left join rolerabc rr on rr.role_id = ra.role_id  WHERE ra.admin_id = '1' AND rr.rabc_id = '402' LIMIT 1   [ RunTime:0.0004s ]
ERR: array (
  'rabc_id' => '402',
)
NOTIC: [2] Missing argument 1 for I(), called in C:\phpStudy\WWW\ysc2\Apps\App\Home\Controller\SelleruserController.class.php on line 15 and defined C:\phpStudy\WWW\ysc2\ThinkPHP\Common\functions.php 第 269 行.
NOTIC: [8] Undefined variable: name C:\phpStudy\WWW\ysc2\ThinkPHP\Common\functions.php 第 270 行.
NOTIC: [8] Undefined variable: name C:\phpStudy\WWW\ysc2\ThinkPHP\Common\functions.php 第 307 行.
NOTIC: [8] Undefined index: name C:\phpStudy\WWW\ysc2\Apps\App\Home\Controller\SelleruserController.class.php 第 17 行.
NOTIC: [8] Undefined index: seller_id C:\phpStudy\WWW\ysc2\Apps\App\Home\Controller\SelleruserController.class.php 第 17 行.
NOTIC: [8] Undefined index: s_name C:\phpStudy\WWW\ysc2\Apps\App\Home\Controller\SelleruserController.class.php 第 46 行.
SQL: SHOW COLUMNS FROM `admin` [ RunTime:0.0064s ]
NOTIC: [8] Undefined index: p C:\phpStudy\WWW\ysc2\Apps\App\Home\Controller\SelleruserController.class.php 第 75 行.
NOTIC: [8] Undefined index: limit C:\phpStudy\WWW\ysc2\ThinkPHP\Library\Think\Db\Driver.class.php 第 961 行.
SQL: SELECT `user`,`phone`,`email`,`id` FROM `admin` LIMIT 0,20   [ RunTime:0.0006s ]
SQL: SELECT COUNT(*) AS tp_count FROM `admin` LIMIT 1   [ RunTime:0.0005s ]
SQL: SHOW COLUMNS FROM `seller` [ RunTime:0.0087s ]
SQL: SELECT id as seller_id,name as s_name,number as s_number FROM `seller`  [ RunTime:0.0005s ]
INFO: [ view_parse ] --START--
INFO: [ template_filter ] --START--
INFO: Run Behavior\ContentReplaceBehavior [ RunTime:0.000061s ]
INFO: [ template_filter ] --END-- [ RunTime:0.000096s ]
NOTIC: [8] Undefined index: s_name C:\phpStudy\WWW\ysc2\Runtime\Cache\Home\7da9ba00d4a73883044fbdba188dba0d.php 第 40 行.
NOTIC: [8] Undefined index: name C:\phpStudy\WWW\ysc2\Runtime\Cache\Home\7da9ba00d4a73883044fbdba188dba0d.php 第 41 行.
NOTIC: [8] Undefined index: forshort C:\phpStudy\WWW\ysc2\Runtime\Cache\Home\7da9ba00d4a73883044fbdba188dba0d.php 第 105 行.
NOTIC: [8] Undefined index: number C:\phpStudy\WWW\ysc2\Runtime\Cache\Home\7da9ba00d4a73883044fbdba188dba0d.php 第 105 行.
NOTIC: [8] Undefined index: forshort C:\phpStudy\WWW\ysc2\Runtime\Cache\Home\7da9ba00d4a73883044fbdba188dba0d.php 第 105 行.
NOTIC: [8] Undefined index: number C:\phpStudy\WWW\ysc2\Runtime\Cache\Home\7da9ba00d4a73883044fbdba188dba0d.php 第 105 行.
NOTIC: [8] Undefined index: forshort C:\phpStudy\WWW\ysc2\Runtime\Cache\Home\7da9ba00d4a73883044fbdba188dba0d.php 第 105 行.
NOTIC: [8] Undefined index: number C:\phpStudy\WWW\ysc2\Runtime\Cache\Home\7da9ba00d4a73883044fbdba188dba0d.php 第 105 行.
NOTIC: [8] Undefined index: forshort C:\phpStudy\WWW\ysc2\Runtime\Cache\Home\7da9ba00d4a73883044fbdba188dba0d.php 第 105 行.
NOTIC: [8] Undefined index: number C:\phpStudy\WWW\ysc2\Runtime\Cache\Home\7da9ba00d4a73883044fbdba188dba0d.php 第 105 行.
NOTIC: [8] Undefined index: forshort C:\phpStudy\WWW\ysc2\Runtime\Cache\Home\7da9ba00d4a73883044fbdba188dba0d.php 第 105 行.
NOTIC: [8] Undefined index: number C:\phpStudy\WWW\ysc2\Runtime\Cache\Home\7da9ba00d4a73883044fbdba188dba0d.php 第 105 行.
NOTIC: [8] Undefined index: forshort C:\phpStudy\WWW\ysc2\Runtime\Cache\Home\7da9ba00d4a73883044fbdba188dba0d.php 第 105 行.
NOTIC: [8] Undefined index: number C:\phpStudy\WWW\ysc2\Runtime\Cache\Home\7da9ba00d4a73883044fbdba188dba0d.php 第 105 行.
NOTIC: [8] Undefined index: forshort C:\phpStudy\WWW\ysc2\Runtime\Cache\Home\7da9ba00d4a73883044fbdba188dba0d.php 第 105 行.
NOTIC: [8] Undefined index: number C:\phpStudy\WWW\ysc2\Runtime\Cache\Home\7da9ba00d4a73883044fbdba188dba0d.php 第 105 行.
NOTIC: [8] Undefined index: forshort C:\phpStudy\WWW\ysc2\Runtime\Cache\Home\7da9ba00d4a73883044fbdba188dba0d.php 第 105 行.
NOTIC: [8] Undefined index: number C:\phpStudy\WWW\ysc2\Runtime\Cache\Home\7da9ba00d4a73883044fbdba188dba0d.php 第 105 行.
NOTIC: [8] Undefined index: forshort C:\phpStudy\WWW\ysc2\Runtime\Cache\Home\7da9ba00d4a73883044fbdba188dba0d.php 第 105 行.
NOTIC: [8] Undefined index: number C:\phpStudy\WWW\ysc2\Runtime\Cache\Home\7da9ba00d4a73883044fbdba188dba0d.php 第 105 行.
NOTIC: [8] Undefined index: forshort C:\phpStudy\WWW\ysc2\Runtime\Cache\Home\7da9ba00d4a73883044fbdba188dba0d.php 第 105 行.
NOTIC: [8] Undefined index: number C:\phpStudy\WWW\ysc2\Runtime\Cache\Home\7da9ba00d4a73883044fbdba188dba0d.php 第 105 行.
NOTIC: [8] Undefined index: forshort C:\phpStudy\WWW\ysc2\Runtime\Cache\Home\7da9ba00d4a73883044fbdba188dba0d.php 第 105 行.
NOTIC: [8] Undefined index: number C:\phpStudy\WWW\ysc2\Runtime\Cache\Home\7da9ba00d4a73883044fbdba188dba0d.php 第 105 行.
NOTIC: [8] Undefined index: forshort C:\phpStudy\WWW\ysc2\Runtime\Cache\Home\7da9ba00d4a73883044fbdba188dba0d.php 第 105 行.
NOTIC: [8] Undefined index: number C:\phpStudy\WWW\ysc2\Runtime\Cache\Home\7da9ba00d4a73883044fbdba188dba0d.php 第 105 行.
NOTIC: [8] Undefined index: forshort C:\phpStudy\WWW\ysc2\Runtime\Cache\Home\7da9ba00d4a73883044fbdba188dba0d.php 第 105 行.
NOTIC: [8] Undefined index: number C:\phpStudy\WWW\ysc2\Runtime\Cache\Home\7da9ba00d4a73883044fbdba188dba0d.php 第 105 行.
NOTIC: [8] Undefined index: forshort C:\phpStudy\WWW\ysc2\Runtime\Cache\Home\7da9ba00d4a73883044fbdba188dba0d.php 第 105 行.
NOTIC: [8] Undefined index: number C:\phpStudy\WWW\ysc2\Runtime\Cache\Home\7da9ba00d4a73883044fbdba188dba0d.php 第 105 行.
NOTIC: [8] Undefined index: forshort C:\phpStudy\WWW\ysc2\Runtime\Cache\Home\7da9ba00d4a73883044fbdba188dba0d.php 第 105 行.
NOTIC: [8] Undefined index: number C:\phpStudy\WWW\ysc2\Runtime\Cache\Home\7da9ba00d4a73883044fbdba188dba0d.php 第 105 行.
NOTIC: [8] Undefined index: forshort C:\phpStudy\WWW\ysc2\Runtime\Cache\Home\7da9ba00d4a73883044fbdba188dba0d.php 第 105 行.
NOTIC: [8] Undefined index: number C:\phpStudy\WWW\ysc2\Runtime\Cache\Home\7da9ba00d4a73883044fbdba188dba0d.php 第 105 行.
NOTIC: [8] Undefined index: forshort C:\phpStudy\WWW\ysc2\Runtime\Cache\Home\7da9ba00d4a73883044fbdba188dba0d.php 第 105 行.
NOTIC: [8] Undefined index: number C:\phpStudy\WWW\ysc2\Runtime\Cache\Home\7da9ba00d4a73883044fbdba188dba0d.php 第 105 行.
NOTIC: [8] Undefined index: forshort C:\phpStudy\WWW\ysc2\Runtime\Cache\Home\7da9ba00d4a73883044fbdba188dba0d.php 第 105 行.
NOTIC: [8] Undefined index: number C:\phpStudy\WWW\ysc2\Runtime\Cache\Home\7da9ba00d4a73883044fbdba188dba0d.php 第 105 行.
NOTIC: [8] Undefined index: forshort C:\phpStudy\WWW\ysc2\Runtime\Cache\Home\7da9ba00d4a73883044fbdba188dba0d.php 第 105 行.
NOTIC: [8] Undefined index: number C:\phpStudy\WWW\ysc2\Runtime\Cache\Home\7da9ba00d4a73883044fbdba188dba0d.php 第 105 行.
NOTIC: [8] Undefined index: forshort C:\phpStudy\WWW\ysc2\Runtime\Cache\Home\7da9ba00d4a73883044fbdba188dba0d.php 第 105 行.
NOTIC: [8] Undefined index: number C:\phpStudy\WWW\ysc2\Runtime\Cache\Home\7da9ba00d4a73883044fbdba188dba0d.php 第 105 行.
INFO: Run Behavior\ParseTemplateBehavior [ RunTime:0.010728s ]
INFO: [ view_parse ] --END-- [ RunTime:0.010779s ]
INFO: [ view_filter ] --START--
INFO: Run Behavior\WriteHtmlCacheBehavior [ RunTime:0.000388s ]
INFO: [ view_filter ] --END-- [ RunTime:0.000420s ]
INFO: [ app_end ] --START--
INFO: Run Behavior\ShowPageTraceBehavior [ RunTime:0.001230s ]
INFO: [ app_end ] --END-- [ RunTime:0.001291s ]

[ 2018-02-08T16:40:53+08:00 ] ::1 /ysc2/admin.php/Home/Admin/adminindex
INFO: [ app_init ] --START--
INFO: Run Behavior\BuildLiteBehavior [ RunTime:0.000018s ]
INFO: [ app_init ] --END-- [ RunTime:0.001244s ]
INFO: [ app_begin ] --START--
INFO: Run Behavior\ReadHtmlCacheBehavior [ RunTime:0.001124s ]
INFO: [ app_begin ] --END-- [ RunTime:0.001268s ]
SQL: SHOW COLUMNS FROM `rabc_info` [ RunTime:0.0103s ]
SQL: SELECT `id` FROM `rabc_info` WHERE `controller` = 'Home/Admin/adminindex' LIMIT 1   [ RunTime:0.0005s ]
SQL: SHOW COLUMNS FROM `roleadmin` [ RunTime:0.0068s ]
SQL: SELECT rr.rabc_id FROM roleadmin ra left join rolerabc rr on rr.role_id = ra.role_id  WHERE ra.admin_id = '1' AND rr.rabc_id = '201' LIMIT 1   [ RunTime:0.0005s ]
ERR: array (
  'rabc_id' => '201',
)
NOTIC: [2] Missing argument 1 for I(), called in C:\phpStudy\WWW\ysc2\Apps\App\Home\Controller\AdminController.class.php on line 17 and defined C:\phpStudy\WWW\ysc2\ThinkPHP\Common\functions.php 第 269 行.
NOTIC: [8] Undefined variable: name C:\phpStudy\WWW\ysc2\ThinkPHP\Common\functions.php 第 270 行.
NOTIC: [8] Undefined variable: name C:\phpStudy\WWW\ysc2\ThinkPHP\Common\functions.php 第 307 行.
SQL: SHOW COLUMNS FROM `admin` [ RunTime:0.0063s ]
NOTIC: [8] Undefined index: p C:\phpStudy\WWW\ysc2\Apps\App\Home\Controller\AdminController.class.php 第 19 行.
NOTIC: [8] Undefined index: limit C:\phpStudy\WWW\ysc2\ThinkPHP\Library\Think\Db\Driver.class.php 第 961 行.
SQL: SELECT * FROM `admin` LIMIT 0,20   [ RunTime:0.0006s ]
SQL: SELECT COUNT(*) AS tp_count FROM `admin` LIMIT 1   [ RunTime:0.0003s ]
INFO: [ view_parse ] --START--
INFO: [ template_filter ] --START--
INFO: Run Behavior\ContentReplaceBehavior [ RunTime:0.000131s ]
INFO: [ template_filter ] --END-- [ RunTime:0.000204s ]
NOTIC: [8] Undefined index: phone C:\phpStudy\WWW\ysc2\Runtime\Cache\Home\b82bfbd7302402f193c17300cfedbac2.php 第 35 行.
NOTIC: [8] Undefined index: user C:\phpStudy\WWW\ysc2\Runtime\Cache\Home\b82bfbd7302402f193c17300cfedbac2.php 第 36 行.
INFO: Run Behavior\ParseTemplateBehavior [ RunTime:0.012311s ]
INFO: [ view_parse ] --END-- [ RunTime:0.012359s ]
INFO: [ view_filter ] --START--
INFO: Run Behavior\WriteHtmlCacheBehavior [ RunTime:0.000274s ]
INFO: [ view_filter ] --END-- [ RunTime:0.000307s ]
INFO: [ app_end ] --START--
INFO: Run Behavior\ShowPageTraceBehavior [ RunTime:0.000600s ]
INFO: [ app_end ] --END-- [ RunTime:0.000653s ]

[ 2018-02-08T16:40:57+08:00 ] ::1 /ysc2/admin.php/Home/Role/roleindex
INFO: [ app_init ] --START--
INFO: Run Behavior\BuildLiteBehavior [ RunTime:0.000009s ]
INFO: [ app_init ] --END-- [ RunTime:0.000281s ]
INFO: [ app_begin ] --START--
INFO: Run Behavior\ReadHtmlCacheBehavior [ RunTime:0.000398s ]
INFO: [ app_begin ] --END-- [ RunTime:0.000438s ]
SQL: SHOW COLUMNS FROM `rabc_info` [ RunTime:0.0051s ]
SQL: SELECT `id` FROM `rabc_info` WHERE `controller` = 'Home/Role/roleindex' LIMIT 1   [ RunTime:0.0004s ]
SQL: SHOW COLUMNS FROM `roleadmin` [ RunTime:0.0051s ]
SQL: SELECT rr.rabc_id FROM roleadmin ra left join rolerabc rr on rr.role_id = ra.role_id  WHERE ra.admin_id = '1' AND rr.rabc_id = '202' LIMIT 1   [ RunTime:0.0006s ]
ERR: array (
  'rabc_id' => '202',
)
NOTIC: [2] Missing argument 1 for I(), called in C:\phpStudy\WWW\ysc2\Apps\App\Home\Controller\RoleController.class.php on line 17 and defined C:\phpStudy\WWW\ysc2\ThinkPHP\Common\functions.php 第 269 行.
NOTIC: [8] Undefined variable: name C:\phpStudy\WWW\ysc2\ThinkPHP\Common\functions.php 第 270 行.
NOTIC: [8] Undefined variable: name C:\phpStudy\WWW\ysc2\ThinkPHP\Common\functions.php 第 307 行.
SQL: SHOW COLUMNS FROM `role` [ RunTime:0.0046s ]
NOTIC: [8] Undefined index: p C:\phpStudy\WWW\ysc2\Apps\App\Home\Controller\RoleController.class.php 第 33 行.
NOTIC: [8] Undefined index: limit C:\phpStudy\WWW\ysc2\ThinkPHP\Library\Think\Db\Driver.class.php 第 961 行.
SQL: SELECT * FROM `role` LIMIT 0,20   [ RunTime:0.0004s ]
SQL: SELECT COUNT(*) AS tp_count FROM `role` LIMIT 1   [ RunTime:0.0003s ]
INFO: [ view_parse ] --START--
INFO: [ template_filter ] --START--
INFO: Run Behavior\ContentReplaceBehavior [ RunTime:0.000065s ]
INFO: [ template_filter ] --END-- [ RunTime:0.000105s ]
NOTIC: [8] Undefined index: id C:\phpStudy\WWW\ysc2\Runtime\Cache\Home\2fbbfff4953a913d46cb5394307172b3.php 第 38 行.
NOTIC: [8] Undefined index: role_name C:\phpStudy\WWW\ysc2\Runtime\Cache\Home\2fbbfff4953a913d46cb5394307172b3.php 第 39 行.
INFO: Run Behavior\ParseTemplateBehavior [ RunTime:0.007799s ]
INFO: [ view_parse ] --END-- [ RunTime:0.007838s ]
INFO: [ view_filter ] --START--
INFO: Run Behavior\WriteHtmlCacheBehavior [ RunTime:0.000227s ]
INFO: [ view_filter ] --END-- [ RunTime:0.000254s ]
INFO: [ app_end ] --START--
INFO: Run Behavior\ShowPageTraceBehavior [ RunTime:0.000544s ]
INFO: [ app_end ] --END-- [ RunTime:0.000592s ]

[ 2018-02-08T16:40:58+08:00 ] ::1 /ysc2/admin.php/Home/Role/roleindex
INFO: [ app_init ] --START--
INFO: Run Behavior\BuildLiteBehavior [ RunTime:0.000010s ]
INFO: [ app_init ] --END-- [ RunTime:0.000353s ]
INFO: [ app_begin ] --START--
INFO: Run Behavior\ReadHtmlCacheBehavior [ RunTime:0.000482s ]
INFO: [ app_begin ] --END-- [ RunTime:0.000525s ]
SQL: SHOW COLUMNS FROM `rabc_info` [ RunTime:0.0075s ]
SQL: SELECT `id` FROM `rabc_info` WHERE `controller` = 'Home/Role/roleindex' LIMIT 1   [ RunTime:0.0003s ]
SQL: SHOW COLUMNS FROM `roleadmin` [ RunTime:0.0040s ]
SQL: SELECT rr.rabc_id FROM roleadmin ra left join rolerabc rr on rr.role_id = ra.role_id  WHERE ra.admin_id = '1' AND rr.rabc_id = '202' LIMIT 1   [ RunTime:0.0018s ]
ERR: array (
  'rabc_id' => '202',
)
NOTIC: [2] Missing argument 1 for I(), called in C:\phpStudy\WWW\ysc2\Apps\App\Home\Controller\RoleController.class.php on line 17 and defined C:\phpStudy\WWW\ysc2\ThinkPHP\Common\functions.php 第 269 行.
NOTIC: [8] Undefined variable: name C:\phpStudy\WWW\ysc2\ThinkPHP\Common\functions.php 第 270 行.
NOTIC: [8] Undefined variable: name C:\phpStudy\WWW\ysc2\ThinkPHP\Common\functions.php 第 307 行.
SQL: SHOW COLUMNS FROM `role` [ RunTime:0.0047s ]
NOTIC: [8] Undefined index: p C:\phpStudy\WWW\ysc2\Apps\App\Home\Controller\RoleController.class.php 第 33 行.
NOTIC: [8] Undefined index: limit C:\phpStudy\WWW\ysc2\ThinkPHP\Library\Think\Db\Driver.class.php 第 961 行.
SQL: SELECT * FROM `role` LIMIT 0,20   [ RunTime:0.0004s ]
SQL: SELECT COUNT(*) AS tp_count FROM `role` LIMIT 1   [ RunTime:0.0002s ]
INFO: [ view_parse ] --START--
INFO: [ template_filter ] --START--
INFO: Run Behavior\ContentReplaceBehavior [ RunTime:0.000100s ]
INFO: [ template_filter ] --END-- [ RunTime:0.000162s ]
NOTIC: [8] Undefined index: id C:\phpStudy\WWW\ysc2\Runtime\Cache\Home\2fbbfff4953a913d46cb5394307172b3.php 第 38 行.
NOTIC: [8] Undefined index: role_name C:\phpStudy\WWW\ysc2\Runtime\Cache\Home\2fbbfff4953a913d46cb5394307172b3.php 第 39 行.
INFO: Run Behavior\ParseTemplateBehavior [ RunTime:0.009566s ]
INFO: [ view_parse ] --END-- [ RunTime:0.009670s ]
INFO: [ view_filter ] --START--
INFO: Run Behavior\WriteHtmlCacheBehavior [ RunTime:0.000436s ]
INFO: [ view_filter ] --END-- [ RunTime:0.000467s ]
INFO: [ app_end ] --START--
INFO: Run Behavior\ShowPageTraceBehavior [ RunTime:0.000590s ]
INFO: [ app_end ] --END-- [ RunTime:0.000623s ]

[ 2018-02-08T16:41:00+08:00 ] ::1 /ysc2/admin.php/Home/Order/orderindex
INFO: [ app_init ] --START--
INFO: Run Behavior\BuildLiteBehavior [ RunTime:0.000014s ]
INFO: [ app_init ] --END-- [ RunTime:0.000415s ]
INFO: [ app_begin ] --START--
INFO: Run Behavior\ReadHtmlCacheBehavior [ RunTime:0.002093s ]
INFO: [ app_begin ] --END-- [ RunTime:0.002346s ]
NOTIC: [2] Missing argument 1 for I(), called in C:\phpStudy\WWW\ysc2\Apps\App\Home\Controller\OrderController.class.php on line 12 and defined C:\phpStudy\WWW\ysc2\ThinkPHP\Common\functions.php 第 269 行.
NOTIC: [8] Undefined variable: name C:\phpStudy\WWW\ysc2\ThinkPHP\Common\functions.php 第 270 行.
NOTIC: [8] Undefined variable: name C:\phpStudy\WWW\ysc2\ThinkPHP\Common\functions.php 第 307 行.
NOTIC: [8] Undefined index: seller_id C:\phpStudy\WWW\ysc2\Apps\App\Home\Controller\OrderController.class.php 第 14 行.
NOTIC: [8] Undefined index: shr_tel C:\phpStudy\WWW\ysc2\Apps\App\Home\Controller\OrderController.class.php 第 17 行.
NOTIC: [8] Undefined index: username C:\phpStudy\WWW\ysc2\Apps\App\Home\Controller\OrderController.class.php 第 22 行.
NOTIC: [8] Undefined index: order_no C:\phpStudy\WWW\ysc2\Apps\App\Home\Controller\OrderController.class.php 第 26 行.
NOTIC: [8] Undefined index: class_id C:\phpStudy\WWW\ysc2\Apps\App\Home\Controller\OrderController.class.php 第 30 行.
SQL: SHOW COLUMNS FROM `order_status` [ RunTime:0.0097s ]
SQL: SELECT id as class_id,type as class_name FROM `order_status`  [ RunTime:0.0007s ]
NOTIC: [8] Undefined index: time C:\phpStudy\WWW\ysc2\Apps\App\Home\Controller\OrderController.class.php 第 43 行.
NOTIC: [8] Undefined variable: map C:\phpStudy\WWW\ysc2\Apps\App\Home\Controller\OrderController.class.php 第 82 行.
NOTIC: [8] Undefined index: p C:\phpStudy\WWW\ysc2\Apps\App\Home\Controller\OrderController.class.php 第 99 行.
SQL: SHOW COLUMNS FROM `orders` [ RunTime:0.0122s ]
NOTIC: [8] Undefined index: limit C:\phpStudy\WWW\ysc2\ThinkPHP\Library\Think\Db\Driver.class.php 第 961 行.
SQL: SELECT o.*,u.username,s.id as seller_id,s.name as seller_name,group_concat(og.goods_number) as allnum,group_concat(og.price) as allprice,group_concat(g.goods_name) as goods_names FROM orders o left join user u on u.id = o.user_id left join seller s on s.id = o.seller_id left join order_goods og on og.order_id = o.id left join goods g on g.id = og.goods_id  GROUP BY o.id ORDER BY o.pay_time  desc LIMIT 0,20   [ RunTime:0.0145s ]
SQL: SHOW COLUMNS FROM `seller` [ RunTime:0.0060s ]
SQL: SELECT `id`,`name` FROM `seller`  [ RunTime:0.0004s ]
NOTIC: [8] Undefined variable: map C:\phpStudy\WWW\ysc2\Apps\App\Home\Controller\OrderController.class.php 第 105 行.
SQL: SHOW COLUMNS FROM `orders` [ RunTime:0.0060s ]
SQL: SELECT COUNT(*) AS tp_count FROM orders o left join user u on u.id = o.user_id left join seller s on s.id = o.seller_id  LIMIT 1   [ RunTime:0.0007s ]
NOTIC: [8] Undefined index: seller_id C:\phpStudy\WWW\ysc2\Apps\App\Home\Controller\OrderController.class.php 第 121 行.
INFO: [ view_parse ] --START--
INFO: [ template_filter ] --START--
INFO: Run Behavior\ContentReplaceBehavior [ RunTime:0.000126s ]
INFO: [ template_filter ] --END-- [ RunTime:0.000195s ]
NOTIC: [8] Undefined index: phone C:\phpStudy\WWW\ysc2\Runtime\Cache\Home\b05ed8e4ba657476b6f84006decac184.php 第 162 行.
NOTIC: [8] Undefined index: username C:\phpStudy\WWW\ysc2\Runtime\Cache\Home\b05ed8e4ba657476b6f84006decac184.php 第 163 行.
NOTIC: [8] Undefined index: order_no C:\phpStudy\WWW\ysc2\Runtime\Cache\Home\b05ed8e4ba657476b6f84006decac184.php 第 164 行.
NOTIC: [8] Undefined index: time C:\phpStudy\WWW\ysc2\Runtime\Cache\Home\b05ed8e4ba657476b6f84006decac184.php 第 165 行.
NOTIC: [8] Undefined index: time2 C:\phpStudy\WWW\ysc2\Runtime\Cache\Home\b05ed8e4ba657476b6f84006decac184.php 第 166 行.
NOTIC: [8] Undefined index: class_id C:\phpStudy\WWW\ysc2\Runtime\Cache\Home\b05ed8e4ba657476b6f84006decac184.php 第 169 行.
INFO: Run Behavior\ParseTemplateBehavior [ RunTime:0.015074s ]
INFO: [ view_parse ] --END-- [ RunTime:0.015122s ]
INFO: [ view_filter ] --START--
INFO: Run Behavior\WriteHtmlCacheBehavior [ RunTime:0.000310s ]
INFO: [ view_filter ] --END-- [ RunTime:0.000339s ]
INFO: [ app_end ] --START--
INFO: Run Behavior\ShowPageTraceBehavior [ RunTime:0.000514s ]
INFO: [ app_end ] --END-- [ RunTime:0.000557s ]

[ 2018-02-08T16:41:01+08:00 ] ::1 /ysc2/admin.php/Home/Order/orderindex
INFO: [ app_init ] --START--
INFO: Run Behavior\BuildLiteBehavior [ RunTime:0.000016s ]
INFO: [ app_init ] --END-- [ RunTime:0.000571s ]
INFO: [ app_begin ] --START--
INFO: Run Behavior\ReadHtmlCacheBehavior [ RunTime:0.000503s ]
INFO: [ app_begin ] --END-- [ RunTime:0.000555s ]
NOTIC: [2] Missing argument 1 for I(), called in C:\phpStudy\WWW\ysc2\Apps\App\Home\Controller\OrderController.class.php on line 12 and defined C:\phpStudy\WWW\ysc2\ThinkPHP\Common\functions.php 第 269 行.
NOTIC: [8] Undefined variable: name C:\phpStudy\WWW\ysc2\ThinkPHP\Common\functions.php 第 270 行.
NOTIC: [8] Undefined variable: name C:\phpStudy\WWW\ysc2\ThinkPHP\Common\functions.php 第 307 行.
NOTIC: [8] Undefined index: seller_id C:\phpStudy\WWW\ysc2\Apps\App\Home\Controller\OrderController.class.php 第 14 行.
NOTIC: [8] Undefined index: shr_tel C:\phpStudy\WWW\ysc2\Apps\App\Home\Controller\OrderController.class.php 第 17 行.
NOTIC: [8] Undefined index: username C:\phpStudy\WWW\ysc2\Apps\App\Home\Controller\OrderController.class.php 第 22 行.
NOTIC: [8] Undefined index: order_no C:\phpStudy\WWW\ysc2\Apps\App\Home\Controller\OrderController.class.php 第 26 行.
NOTIC: [8] Undefined index: class_id C:\phpStudy\WWW\ysc2\Apps\App\Home\Controller\OrderController.class.php 第 30 行.
SQL: SHOW COLUMNS FROM `order_status` [ RunTime:0.0088s ]
SQL: SELECT id as class_id,type as class_name FROM `order_status`  [ RunTime:0.0007s ]
NOTIC: [8] Undefined index: time C:\phpStudy\WWW\ysc2\Apps\App\Home\Controller\OrderController.class.php 第 43 行.
NOTIC: [8] Undefined variable: map C:\phpStudy\WWW\ysc2\Apps\App\Home\Controller\OrderController.class.php 第 82 行.
NOTIC: [8] Undefined index: p C:\phpStudy\WWW\ysc2\Apps\App\Home\Controller\OrderController.class.php 第 99 行.
SQL: SHOW COLUMNS FROM `orders` [ RunTime:0.0096s ]
NOTIC: [8] Undefined index: limit C:\phpStudy\WWW\ysc2\ThinkPHP\Library\Think\Db\Driver.class.php 第 961 行.
SQL: SELECT o.*,u.username,s.id as seller_id,s.name as seller_name,group_concat(og.goods_number) as allnum,group_concat(og.price) as allprice,group_concat(g.goods_name) as goods_names FROM orders o left join user u on u.id = o.user_id left join seller s on s.id = o.seller_id left join order_goods og on og.order_id = o.id left join goods g on g.id = og.goods_id  GROUP BY o.id ORDER BY o.pay_time  desc LIMIT 0,20   [ RunTime:0.0092s ]
SQL: SHOW COLUMNS FROM `seller` [ RunTime:0.0047s ]
SQL: SELECT `id`,`name` FROM `seller`  [ RunTime:0.0003s ]
NOTIC: [8] Undefined variable: map C:\phpStudy\WWW\ysc2\Apps\App\Home\Controller\OrderController.class.php 第 105 行.
SQL: SHOW COLUMNS FROM `orders` [ RunTime:0.0053s ]
SQL: SELECT COUNT(*) AS tp_count FROM orders o left join user u on u.id = o.user_id left join seller s on s.id = o.seller_id  LIMIT 1   [ RunTime:0.0007s ]
NOTIC: [8] Undefined index: seller_id C:\phpStudy\WWW\ysc2\Apps\App\Home\Controller\OrderController.class.php 第 121 行.
INFO: [ view_parse ] --START--
INFO: [ template_filter ] --START--
INFO: Run Behavior\ContentReplaceBehavior [ RunTime:0.000078s ]
INFO: [ template_filter ] --END-- [ RunTime:0.000117s ]
NOTIC: [8] Undefined index: phone C:\phpStudy\WWW\ysc2\Runtime\Cache\Home\b05ed8e4ba657476b6f84006decac184.php 第 162 行.
NOTIC: [8] Undefined index: username C:\phpStudy\WWW\ysc2\Runtime\Cache\Home\b05ed8e4ba657476b6f84006decac184.php 第 163 行.
NOTIC: [8] Undefined index: order_no C:\phpStudy\WWW\ysc2\Runtime\Cache\Home\b05ed8e4ba657476b6f84006decac184.php 第 164 行.
NOTIC: [8] Undefined index: time C:\phpStudy\WWW\ysc2\Runtime\Cache\Home\b05ed8e4ba657476b6f84006decac184.php 第 165 行.
NOTIC: [8] Undefined index: time2 C:\phpStudy\WWW\ysc2\Runtime\Cache\Home\b05ed8e4ba657476b6f84006decac184.php 第 166 行.
NOTIC: [8] Undefined index: class_id C:\phpStudy\WWW\ysc2\Runtime\Cache\Home\b05ed8e4ba657476b6f84006decac184.php 第 169 行.
INFO: Run Behavior\ParseTemplateBehavior [ RunTime:0.011070s ]
INFO: [ view_parse ] --END-- [ RunTime:0.011106s ]
INFO: [ view_filter ] --START--
INFO: Run Behavior\WriteHtmlCacheBehavior [ RunTime:0.000335s ]
INFO: [ view_filter ] --END-- [ RunTime:0.000361s ]
INFO: [ app_end ] --START--
INFO: Run Behavior\ShowPageTraceBehavior [ RunTime:0.000535s ]
INFO: [ app_end ] --END-- [ RunTime:0.000575s ]

[ 2018-02-08T16:41:02+08:00 ] ::1 /ysc2/admin.php/home/order/orderinfo/id/79.html
INFO: [ app_init ] --START--
INFO: Run Behavior\BuildLiteBehavior [ RunTime:0.000026s ]
INFO: [ app_init ] --END-- [ RunTime:0.000426s ]
INFO: [ app_begin ] --START--
INFO: Run Behavior\ReadHtmlCacheBehavior [ RunTime:0.000494s ]
INFO: [ app_begin ] --END-- [ RunTime:0.000536s ]
SQL: SHOW COLUMNS FROM `orders` [ RunTime:0.0175s ]
SQL: SELECT o.*,u.username,u.userphone,s.name as seller_name FROM orders o left join user u on o.user_id = u.id left join seller s on o.seller_id = s.id  WHERE o.id = '79' LIMIT 1   [ RunTime:0.0020s ]
SQL: SHOW COLUMNS FROM `order_goods` [ RunTime:0.0133s ]
SQL: SELECT og.*,o.order_number,o.is_invoice,g.goods_name,ga.name as ganame FROM order_goods og left join orders o on o.id = og.order_id  left join goods g on g.id = og.goods_id left join goods_attribute ga on ga.id = og.goods_attribute_id  WHERE og.order_id = '79'  [ RunTime:0.0016s ]
SQL: SHOW COLUMNS FROM `coupon_user` [ RunTime:0.0060s ]
SQL: SELECT c.* FROM coupon_user as cu left join coupon as c on cu.discount_id=c.id  WHERE `order_id` = '79' LIMIT 1   [ RunTime:0.0010s ]
INFO: [ view_parse ] --START--
INFO: [ template_filter ] --START--
INFO: Run Behavior\ContentReplaceBehavior [ RunTime:0.000100s ]
INFO: [ template_filter ] --END-- [ RunTime:0.000154s ]
NOTIC: [8] Undefined index: post_type C:\phpStudy\WWW\ysc2\Runtime\Cache\Home\b0691df461a2bfb53ae343b559a9821e.php 第 108 行.
INFO: Run Behavior\ParseTemplateBehavior [ RunTime:0.014245s ]
INFO: [ view_parse ] --END-- [ RunTime:0.014301s ]
INFO: [ view_filter ] --START--
INFO: Run Behavior\WriteHtmlCacheBehavior [ RunTime:0.000537s ]
INFO: [ view_filter ] --END-- [ RunTime:0.000581s ]
INFO: [ app_end ] --START--
INFO: Run Behavior\ShowPageTraceBehavior [ RunTime:0.000736s ]
INFO: [ app_end ] --END-- [ RunTime:0.000780s ]

[ 2018-02-08T16:41:07+08:00 ] ::1 /ysc2/index.php/home/search/neworder.html
INFO: [ app_init ] --START--
INFO: Run Behavior\BuildLiteBehavior [ RunTime:0.000009s ]
INFO: [ app_init ] --END-- [ RunTime:0.000371s ]
INFO: [ app_begin ] --START--
INFO: Run Behavior\ReadHtmlCacheBehavior [ RunTime:0.000518s ]
INFO: [ app_begin ] --END-- [ RunTime:0.000560s ]
NOTIC: [2] session_start(): Cannot send session cache limiter - headers already sent C:\phpStudy\WWW\ysc2\ThinkPHP\Common\functions.php 第 1190 行.
SQL: SHOW COLUMNS FROM `rabc_info` [ RunTime:0.0090s ]
SQL: SELECT ri.id FROM rabc_info ri left join rolerabc rr on  ri.id = rr.rabc_id left join roleadmin  ra on  rr.role_id = ra.role_id  WHERE ra.admin_id = '1' AND ri.id = 37  [ RunTime:0.0007s ]
SQL: SHOW COLUMNS FROM `orders` [ RunTime:0.0089s ]
SQL: SELECT o.id,o.prompt_tone FROM orders o WHERE o.pay_status = 1 AND `prompt_tone` = 0  [ RunTime:0.0005s ]
NOTIC: [2] Cannot modify header information - headers already sent C:\phpStudy\WWW\ysc2\ThinkPHP\Library\Think\Controller.class.php 第 215 行.

[ 2018-02-08T16:41:10+08:00 ] ::1 /ysc2/admin.php/Home/Goods/goodsindex
INFO: [ app_init ] --START--
INFO: Run Behavior\BuildLiteBehavior [ RunTime:0.000010s ]
INFO: [ app_init ] --END-- [ RunTime:0.000561s ]
INFO: [ app_begin ] --START--
INFO: Run Behavior\ReadHtmlCacheBehavior [ RunTime:0.000663s ]
INFO: [ app_begin ] --END-- [ RunTime:0.000779s ]
NOTIC: [2] Missing argument 1 for I(), called in C:\phpStudy\WWW\ysc2\Apps\App\Home\Controller\GoodsController.class.php on line 20 and defined C:\phpStudy\WWW\ysc2\ThinkPHP\Common\functions.php 第 269 行.
NOTIC: [8] Undefined variable: name C:\phpStudy\WWW\ysc2\ThinkPHP\Common\functions.php 第 270 行.
NOTIC: [8] Undefined variable: name C:\phpStudy\WWW\ysc2\ThinkPHP\Common\functions.php 第 307 行.
NOTIC: [8] Undefined index: p C:\phpStudy\WWW\ysc2\Apps\App\Home\Controller\GoodsController.class.php 第 222 行.
SQL: SHOW COLUMNS FROM `goods` [ RunTime:0.0107s ]
NOTIC: [8] Undefined index: limit C:\phpStudy\WWW\ysc2\ThinkPHP\Library\Think\Db\Driver.class.php 第 961 行.
SQL: SELECT g.*,s.name as seller_name,l.name as logistics_name,min(gai.stock) as goods_inventory FROM goods g left join seller s on s.id=g.seller_id left join logistics l on l.id=g.default_express left join goods_attribute_info gai on gai.goods_id=g.id  WHERE g.is_delete = 0 GROUP BY g.id LIMIT 0,20   [ RunTime:0.0052s ]
SQL: SHOW COLUMNS FROM `goods` [ RunTime:0.0066s ]
SQL: SELECT COUNT(*) AS tp_count FROM goods g LIMIT 1   [ RunTime:0.0007s ]
SQL: SHOW COLUMNS FROM `seller` [ RunTime:0.0060s ]
SQL: SELECT `id`,`name` FROM `seller`  [ RunTime:0.0004s ]
NOTIC: [8] Undefined index: seller_id C:\phpStudy\WWW\ysc2\Apps\App\Home\Controller\GoodsController.class.php 第 241 行.
INFO: [ view_parse ] --START--
INFO: [ template_filter ] --START--
INFO: Run Behavior\ContentReplaceBehavior [ RunTime:0.000165s ]
INFO: [ template_filter ] --END-- [ RunTime:0.000219s ]
NOTIC: [8] Undefined index: goods_name C:\phpStudy\WWW\ysc2\Runtime\Cache\Home\db1bde4730d8f7dfd71e68460af75dae.php 第 55 行.
NOTIC: [8] Undefined index: shop_price_l C:\phpStudy\WWW\ysc2\Runtime\Cache\Home\db1bde4730d8f7dfd71e68460af75dae.php 第 56 行.
NOTIC: [8] Undefined index: shop_price_h C:\phpStudy\WWW\ysc2\Runtime\Cache\Home\db1bde4730d8f7dfd71e68460af75dae.php 第 58 行.
NOTIC: [8] Undefined index: r_sale_l C:\phpStudy\WWW\ysc2\Runtime\Cache\Home\db1bde4730d8f7dfd71e68460af75dae.php 第 59 行.
NOTIC: [8] Undefined index: r_sale_h C:\phpStudy\WWW\ysc2\Runtime\Cache\Home\db1bde4730d8f7dfd71e68460af75dae.php 第 61 行.
NOTIC: [8] Undefined index: bonus_state C:\phpStudy\WWW\ysc2\Runtime\Cache\Home\db1bde4730d8f7dfd71e68460af75dae.php 第 63 行.
NOTIC: [8] Undefined index: status C:\phpStudy\WWW\ysc2\Runtime\Cache\Home\db1bde4730d8f7dfd71e68460af75dae.php 第 93 行.
INFO: Run Behavior\ParseTemplateBehavior [ RunTime:0.017489s ]
INFO: [ view_parse ] --END-- [ RunTime:0.017546s ]
INFO: [ view_filter ] --START--
INFO: Run Behavior\WriteHtmlCacheBehavior [ RunTime:0.000327s ]
INFO: [ view_filter ] --END-- [ RunTime:0.000365s ]
INFO: [ app_end ] --START--
INFO: Run Behavior\ShowPageTraceBehavior [ RunTime:0.000600s ]
INFO: [ app_end ] --END-- [ RunTime:0.000655s ]

[ 2018-02-08T16:41:11+08:00 ] ::1 /ysc2/admin.php/Home/Goods/goodsindex
INFO: [ app_init ] --START--
INFO: Run Behavior\BuildLiteBehavior [ RunTime:0.000017s ]
INFO: [ app_init ] --END-- [ RunTime:0.000561s ]
INFO: [ app_begin ] --START--
INFO: Run Behavior\ReadHtmlCacheBehavior [ RunTime:0.001833s ]
INFO: [ app_begin ] --END-- [ RunTime:0.002079s ]
NOTIC: [2] Missing argument 1 for I(), called in C:\phpStudy\WWW\ysc2\Apps\App\Home\Controller\GoodsController.class.php on line 20 and defined C:\phpStudy\WWW\ysc2\ThinkPHP\Common\functions.php 第 269 行.
NOTIC: [8] Undefined variable: name C:\phpStudy\WWW\ysc2\ThinkPHP\Common\functions.php 第 270 行.
NOTIC: [8] Undefined variable: name C:\phpStudy\WWW\ysc2\ThinkPHP\Common\functions.php 第 307 行.
NOTIC: [8] Undefined index: p C:\phpStudy\WWW\ysc2\Apps\App\Home\Controller\GoodsController.class.php 第 222 行.
SQL: SHOW COLUMNS FROM `goods` [ RunTime:0.0123s ]
NOTIC: [8] Undefined index: limit C:\phpStudy\WWW\ysc2\ThinkPHP\Library\Think\Db\Driver.class.php 第 961 行.
SQL: SELECT g.*,s.name as seller_name,l.name as logistics_name,min(gai.stock) as goods_inventory FROM goods g left join seller s on s.id=g.seller_id left join logistics l on l.id=g.default_express left join goods_attribute_info gai on gai.goods_id=g.id  WHERE g.is_delete = 0 GROUP BY g.id LIMIT 0,20   [ RunTime:0.0015s ]
SQL: SHOW COLUMNS FROM `goods` [ RunTime:0.0092s ]
SQL: SELECT COUNT(*) AS tp_count FROM goods g LIMIT 1   [ RunTime:0.0006s ]
SQL: SHOW COLUMNS FROM `seller` [ RunTime:0.0072s ]
SQL: SELECT `id`,`name` FROM `seller`  [ RunTime:0.0004s ]
NOTIC: [8] Undefined index: seller_id C:\phpStudy\WWW\ysc2\Apps\App\Home\Controller\GoodsController.class.php 第 241 行.
INFO: [ view_parse ] --START--
INFO: [ template_filter ] --START--
INFO: Run Behavior\ContentReplaceBehavior [ RunTime:0.000152s ]
INFO: [ template_filter ] --END-- [ RunTime:0.000195s ]
NOTIC: [8] Undefined index: goods_name C:\phpStudy\WWW\ysc2\Runtime\Cache\Home\db1bde4730d8f7dfd71e68460af75dae.php 第 55 行.
NOTIC: [8] Undefined index: shop_price_l C:\phpStudy\WWW\ysc2\Runtime\Cache\Home\db1bde4730d8f7dfd71e68460af75dae.php 第 56 行.
NOTIC: [8] Undefined index: shop_price_h C:\phpStudy\WWW\ysc2\Runtime\Cache\Home\db1bde4730d8f7dfd71e68460af75dae.php 第 58 行.
NOTIC: [8] Undefined index: r_sale_l C:\phpStudy\WWW\ysc2\Runtime\Cache\Home\db1bde4730d8f7dfd71e68460af75dae.php 第 59 行.
NOTIC: [8] Undefined index: r_sale_h C:\phpStudy\WWW\ysc2\Runtime\Cache\Home\db1bde4730d8f7dfd71e68460af75dae.php 第 61 行.
NOTIC: [8] Undefined index: bonus_state C:\phpStudy\WWW\ysc2\Runtime\Cache\Home\db1bde4730d8f7dfd71e68460af75dae.php 第 63 行.
NOTIC: [8] Undefined index: status C:\phpStudy\WWW\ysc2\Runtime\Cache\Home\db1bde4730d8f7dfd71e68460af75dae.php 第 93 行.
INFO: Run Behavior\ParseTemplateBehavior [ RunTime:0.019838s ]
INFO: [ view_parse ] --END-- [ RunTime:0.019879s ]
INFO: [ view_filter ] --START--
INFO: Run Behavior\WriteHtmlCacheBehavior [ RunTime:0.000381s ]
INFO: [ view_filter ] --END-- [ RunTime:0.000411s ]
INFO: [ app_end ] --START--
INFO: Run Behavior\ShowPageTraceBehavior [ RunTime:0.001301s ]
INFO: [ app_end ] --END-- [ RunTime:0.001416s ]

[ 2018-02-08T16:41:12+08:00 ] ::1 /ysc2/index.php/home/search/newbonus.html
INFO: [ app_init ] --START--
INFO: Run Behavior\BuildLiteBehavior [ RunTime:0.000011s ]
INFO: [ app_init ] --END-- [ RunTime:0.000366s ]
INFO: [ app_begin ] --START--
INFO: Run Behavior\ReadHtmlCacheBehavior [ RunTime:0.000503s ]
INFO: [ app_begin ] --END-- [ RunTime:0.000545s ]
NOTIC: [2] session_start(): Cannot send session cache limiter - headers already sent C:\phpStudy\WWW\ysc2\ThinkPHP\Common\functions.php 第 1190 行.
SQL: SHOW COLUMNS FROM `rabc_info` [ RunTime:0.0088s ]
SQL: SELECT ri.id FROM rabc_info ri left join rolerabc rr on  ri.id = rr.rabc_id left join roleadmin  ra on  rr.role_id = ra.role_id  WHERE ra.admin_id = '1' AND ri.id = 2083  [ RunTime:0.0007s ]
SQL: SHOW COLUMNS FROM `goods` [ RunTime:0.0086s ]
SQL: SELECT `id`,`prompt_tone` FROM `goods` WHERE `prompt_tone` = 0  [ RunTime:0.0012s ]
NOTIC: [2] Cannot modify header information - headers already sent C:\phpStudy\WWW\ysc2\ThinkPHP\Library\Think\Controller.class.php 第 215 行.

[ 2018-02-08T16:41:13+08:00 ] ::1 /ysc2/admin.php/home/goods/goodsinfo/id/17.html
INFO: [ app_init ] --START--
INFO: Run Behavior\BuildLiteBehavior [ RunTime:0.000010s ]
INFO: [ app_init ] --END-- [ RunTime:0.000355s ]
INFO: [ app_begin ] --START--
INFO: Run Behavior\ReadHtmlCacheBehavior [ RunTime:0.000486s ]
INFO: [ app_begin ] --END-- [ RunTime:0.000525s ]
SQL: SHOW COLUMNS FROM `goods` [ RunTime:0.0106s ]
SQL: SELECT g.*,s.name as seller_name,l.name as logistics_name FROM goods g left join seller s on s.id=g.seller_id left join logistics l on l.id=g.default_express  WHERE g.id = '17' LIMIT 1   [ RunTime:0.0010s ]
SQL: SHOW COLUMNS FROM `pic` [ RunTime:0.0065s ]
SQL: SELECT p.pic FROM pic p WHERE p.goods_id = '17'  [ RunTime:0.0012s ]
SQL: SHOW COLUMNS FROM `goods_attribute_info` [ RunTime:0.0049s ]
SQL: SELECT ga.name as attr_name,gai.* FROM goods_attribute_info gai left join goods_attribute ga on ga.id=gai.goods_attribute_id  WHERE gai.goods_id = '17'  [ RunTime:0.0005s ]
SQL: SHOW COLUMNS FROM `goods_bouns_info` [ RunTime:0.0051s ]
SQL: SELECT * FROM `goods_bouns_info` WHERE `goods_id` = 17  [ RunTime:0.0009s ]
INFO: [ view_parse ] --START--
INFO: [ template_filter ] --START--
INFO: Run Behavior\ContentReplaceBehavior [ RunTime:0.000055s ]
INFO: [ template_filter ] --END-- [ RunTime:0.000091s ]
NOTIC: [8] Undefined variable: bonus_ratio_amount C:\phpStudy\WWW\ysc2\Runtime\Cache\Home\be0c590e79a84c688ba270d7f74631d7.php 第 103 行.
INFO: Run Behavior\ParseTemplateBehavior [ RunTime:0.010575s ]
INFO: [ view_parse ] --END-- [ RunTime:0.010619s ]
INFO: [ view_filter ] --START--
INFO: Run Behavior\WriteHtmlCacheBehavior [ RunTime:0.000550s ]
INFO: [ view_filter ] --END-- [ RunTime:0.000587s ]
INFO: [ app_end ] --START--
INFO: Run Behavior\ShowPageTraceBehavior [ RunTime:0.000592s ]
INFO: [ app_end ] --END-- [ RunTime:0.000626s ]

[ 2018-02-08T16:41:22+08:00 ] ::1 /ysc2/index.php/home/search/service.html
INFO: [ app_init ] --START--
INFO: Run Behavior\BuildLiteBehavior [ RunTime:0.000009s ]
INFO: [ app_init ] --END-- [ RunTime:0.000269s ]
INFO: [ app_begin ] --START--
INFO: Run Behavior\ReadHtmlCacheBehavior [ RunTime:0.000391s ]
INFO: [ app_begin ] --END-- [ RunTime:0.000425s ]
NOTIC: [2] session_start(): Cannot send session cache limiter - headers already sent C:\phpStudy\WWW\ysc2\ThinkPHP\Common\functions.php 第 1190 行.
SQL: SHOW COLUMNS FROM `rabc_info` [ RunTime:0.0060s ]
SQL: SELECT ri.id FROM rabc_info ri left join rolerabc rr on  ri.id = rr.rabc_id left join roleadmin  ra on  rr.role_id = ra.role_id  WHERE ra.admin_id = '1' AND ri.id = 2108  [ RunTime:0.0004s ]
SQL: SHOW COLUMNS FROM `customer_service` [ RunTime:0.0053s ]
SQL: SELECT `id`,`prompt_tone` FROM `customer_service` WHERE `prompt_tone` = 0  [ RunTime:0.0005s ]
NOTIC: [2] Cannot modify header information - headers already sent C:\phpStudy\WWW\ysc2\ThinkPHP\Library\Think\Controller.class.php 第 215 行.

