[ 2017-06-05T14:17:05+08:00 ] ::1 /ysc2/Public/Uploads/2017-04-24/58fda3e2d27c9.jpg
INFO: [ app_init ] --START--
INFO: Run Behavior\BuildLiteBehavior [ RunTime:0.000000s ]
INFO: [ app_init ] --END-- [ RunTime:0.000000s ]
ERR: 无法加载模块:Public

[ 2017-06-05T14:17:05+08:00 ] ::1 /ysc2/Public/Uploads/2017-05-10/5912c156d3756.jpg
INFO: [ app_init ] --START--
INFO: Run Behavior\BuildLiteBehavior [ RunTime:0.000000s ]
INFO: [ app_init ] --END-- [ RunTime:0.001000s ]
ERR: 无法加载模块:Public

[ 2017-06-05T14:17:05+08:00 ] ::1 /ysc2/Public/Uploads/2017-05-03/590979ea1bd9c.jpg
INFO: [ app_init ] --START--
INFO: Run Behavior\BuildLiteBehavior [ RunTime:0.000000s ]
INFO: [ app_init ] --END-- [ RunTime:0.001000s ]
ERR: 无法加载模块:Public

[ 2017-06-05T14:17:05+08:00 ] ::1 /ysc2/Public/Uploads/2017-05-08/590fecba50d6d.jpg
INFO: [ app_init ] --START--
INFO: Run Behavior\BuildLiteBehavior [ RunTime:0.000000s ]
INFO: [ app_init ] --END-- [ RunTime:0.001000s ]
ERR: 无法加载模块:Public

[ 2017-06-05T14:17:05+08:00 ] ::1 /ysc2/Public/Uploads/2017-04-26/5900199196060.jpg
INFO: [ app_init ] --START--
INFO: Run Behavior\BuildLiteBehavior [ RunTime:0.000000s ]
INFO: [ app_init ] --END-- [ RunTime:0.000000s ]
ERR: 无法加载模块:Public

[ 2017-06-05T14:17:05+08:00 ] ::1 /ysc2/Public/Uploads/2017-05-04/590ab46029242.jpg
INFO: [ app_init ] --START--
INFO: Run Behavior\BuildLiteBehavior [ RunTime:0.001001s ]
INFO: [ app_init ] --END-- [ RunTime:0.001001s ]
ERR: 无法加载模块:Public

[ 2017-06-05T14:17:05+08:00 ] ::1 /ysc2/Public/Uploads/2017-04-14/58f069fa6cd45.jpg
INFO: [ app_init ] --START--
INFO: Run Behavior\BuildLiteBehavior [ RunTime:0.000000s ]
INFO: [ app_init ] --END-- [ RunTime:0.001000s ]
ERR: 无法加载模块:Public

[ 2017-06-05T14:17:05+08:00 ] ::1 /ysc2/Public/Uploads/2017-05-08/590fde7993803.jpg
INFO: [ app_init ] --START--
INFO: Run Behavior\BuildLiteBehavior [ RunTime:0.000000s ]
INFO: [ app_init ] --END-- [ RunTime:0.000000s ]
ERR: 无法加载模块:Public

[ 2017-06-05T14:17:05+08:00 ] ::1 /ysc2/Public/Uploads/2017-04-14/58f02d7d19775.jpg
INFO: [ app_init ] --START--
INFO: Run Behavior\BuildLiteBehavior [ RunTime:0.000000s ]
INFO: [ app_init ] --END-- [ RunTime:0.001000s ]
ERR: 无法加载模块:Public

[ 2017-06-05T14:17:05+08:00 ] ::1 /ysc2/Public/Uploads/2017-04-18/58f5de635f38b.jpg
INFO: [ app_init ] --START--
INFO: Run Behavior\BuildLiteBehavior [ RunTime:0.000000s ]
INFO: [ app_init ] --END-- [ RunTime:0.004000s ]
ERR: 无法加载模块:Public

[ 2017-06-05T14:17:05+08:00 ] ::1 /ysc2/Public/Uploads/2017-04-10/58eb371337e37.png
INFO: [ app_init ] --START--
INFO: Run Behavior\BuildLiteBehavior [ RunTime:0.000000s ]
INFO: [ app_init ] --END-- [ RunTime:0.001000s ]
ERR: 无法加载模块:Public

[ 2017-06-05T14:17:05+08:00 ] ::1 /ysc2/Public/Uploads/2017-05-18/591cfa19c0b8a.png
INFO: [ app_init ] --START--
INFO: Run Behavior\BuildLiteBehavior [ RunTime:0.000000s ]
INFO: [ app_init ] --END-- [ RunTime:0.000000s ]
ERR: 无法加载模块:Public

[ 2017-06-05T14:17:05+08:00 ] ::1 /ysc2/Public/Uploads/2017-04-20/58f8781a6313c.jpg
INFO: [ app_init ] --START--
INFO: Run Behavior\BuildLiteBehavior [ RunTime:0.000000s ]
INFO: [ app_init ] --END-- [ RunTime:0.000000s ]
ERR: 无法加载模块:Public

[ 2017-06-05T14:17:05+08:00 ] ::1 /ysc2/Public/Uploads/2017-04-20/58f86c5e78863.jpg
INFO: [ app_init ] --START--
INFO: Run Behavior\BuildLiteBehavior [ RunTime:0.000000s ]
INFO: [ app_init ] --END-- [ RunTime:0.001001s ]
ERR: 无法加载模块:Public

[ 2017-06-05T14:17:05+08:00 ] ::1 /ysc2/Public/Uploads/2017-04-01/58df5ed44aed1.jpg
INFO: [ app_init ] --START--
INFO: Run Behavior\BuildLiteBehavior [ RunTime:0.000000s ]
INFO: [ app_init ] --END-- [ RunTime:0.000000s ]
ERR: 无法加载模块:Public

[ 2017-06-05T14:17:05+08:00 ] ::1 /ysc2/Public/Uploads/2017-04-10/58eb480d050f0.jpg
INFO: [ app_init ] --START--
INFO: Run Behavior\BuildLiteBehavior [ RunTime:0.000000s ]
INFO: [ app_init ] --END-- [ RunTime:0.001000s ]
ERR: 无法加载模块:Public

[ 2017-06-05T14:17:05+08:00 ] ::1 /ysc2/Public/Uploads/2017-04-01/58df47cd0b702.jpg
INFO: [ app_init ] --START--
INFO: Run Behavior\BuildLiteBehavior [ RunTime:0.000000s ]
INFO: [ app_init ] --END-- [ RunTime:0.000000s ]
ERR: 无法加载模块:Public

[ 2017-06-05T14:17:05+08:00 ] ::1 /ysc2/Public/Uploads/2017-04-01/58df0ca77ad75.jpg
INFO: [ app_init ] --START--
INFO: Run Behavior\BuildLiteBehavior [ RunTime:0.000000s ]
INFO: [ app_init ] --END-- [ RunTime:0.001000s ]
ERR: 无法加载模块:Public

[ 2017-06-05T14:17:05+08:00 ] ::1 /ysc2/Public/Uploads/2017-05-11/5913c0705dbf9.png
INFO: [ app_init ] --START--
INFO: Run Behavior\BuildLiteBehavior [ RunTime:0.000000s ]
INFO: [ app_init ] --END-- [ RunTime:0.002000s ]
ERR: 无法加载模块:Public

[ 2017-06-05T14:17:05+08:00 ] ::1 /ysc2/Public/Uploads/2017-04-01/58df60b17b912.jpg
INFO: [ app_init ] --START--
INFO: Run Behavior\BuildLiteBehavior [ RunTime:0.000000s ]
INFO: [ app_init ] --END-- [ RunTime:0.000000s ]
ERR: 无法加载模块:Public

[ 2017-06-05T14:17:05+08:00 ] ::1 /ysc2/Public/Uploads/2017-05-11/5913c3a084020.jpg
INFO: [ app_init ] --START--
INFO: Run Behavior\BuildLiteBehavior [ RunTime:0.000000s ]
INFO: [ app_init ] --END-- [ RunTime:0.001000s ]
ERR: 无法加载模块:Public

[ 2017-06-05T14:17:05+08:00 ] ::1 /ysc2/Public/Uploads/2017-05-11/5913c5a258d95.jpg
INFO: [ app_init ] --START--
INFO: Run Behavior\BuildLiteBehavior [ RunTime:0.000000s ]
INFO: [ app_init ] --END-- [ RunTime:0.004000s ]
ERR: 无法加载模块:Public

[ 2017-06-05T14:17:05+08:00 ] ::1 /ysc2/Public/Uploads/2017-05-11/5913c61138f11.jpg
INFO: [ app_init ] --START--
INFO: Run Behavior\BuildLiteBehavior [ RunTime:0.000000s ]
INFO: [ app_init ] --END-- [ RunTime:0.001000s ]
ERR: 无法加载模块:Public

[ 2017-06-05T17:07:13+08:00 ] ::1 /ysc2/Public/Uploads/2017-04-26/5900199196060.jpg
INFO: [ app_init ] --START--
INFO: Run Behavior\BuildLiteBehavior [ RunTime:0.000000s ]
INFO: [ app_init ] --END-- [ RunTime:0.001000s ]
ERR: 无法加载模块:Public

[ 2017-06-05T17:07:13+08:00 ] ::1 /ysc2/Public/Uploads/2017-04-24/58fda3e2d27c9.jpg
INFO: [ app_init ] --START--
INFO: Run Behavior\BuildLiteBehavior [ RunTime:0.000000s ]
INFO: [ app_init ] --END-- [ RunTime:0.000000s ]
ERR: 无法加载模块:Public

[ 2017-06-05T17:07:13+08:00 ] ::1 /ysc2/Public/Uploads/2017-05-08/590fecba50d6d.jpg
INFO: [ app_init ] --START--
INFO: Run Behavior\BuildLiteBehavior [ RunTime:0.000000s ]
INFO: [ app_init ] --END-- [ RunTime:0.001000s ]
ERR: 无法加载模块:Public

[ 2017-06-05T17:07:13+08:00 ] ::1 /ysc2/Public/Uploads/2017-05-04/590ab46029242.jpg
INFO: [ app_init ] --START--
INFO: Run Behavior\BuildLiteBehavior [ RunTime:0.001000s ]
INFO: [ app_init ] --END-- [ RunTime:0.001000s ]
ERR: 无法加载模块:Public

[ 2017-06-05T17:07:13+08:00 ] ::1 /ysc2/Public/Uploads/2017-05-03/590979ea1bd9c.jpg
INFO: [ app_init ] --START--
INFO: Run Behavior\BuildLiteBehavior [ RunTime:0.000000s ]
INFO: [ app_init ] --END-- [ RunTime:0.003000s ]
ERR: 无法加载模块:Public

[ 2017-06-05T17:07:13+08:00 ] ::1 /ysc2/Public/Uploads/2017-05-10/5912c156d3756.jpg
INFO: [ app_init ] --START--
INFO: Run Behavior\BuildLiteBehavior [ RunTime:0.000000s ]
INFO: [ app_init ] --END-- [ RunTime:0.001000s ]
ERR: 无法加载模块:Public

[ 2017-06-05T17:07:13+08:00 ] ::1 /ysc2/Public/Uploads/2017-05-08/590fde7993803.jpg
INFO: [ app_init ] --START--
INFO: Run Behavior\BuildLiteBehavior [ RunTime:0.000000s ]
INFO: [ app_init ] --END-- [ RunTime:0.001000s ]
ERR: 无法加载模块:Public

[ 2017-06-05T17:07:13+08:00 ] ::1 /ysc2/Public/Uploads/2017-04-18/58f5de635f38b.jpg
INFO: [ app_init ] --START--
INFO: Run Behavior\BuildLiteBehavior [ RunTime:0.000000s ]
INFO: [ app_init ] --END-- [ RunTime:0.000000s ]
ERR: 无法加载模块:Public

[ 2017-06-05T17:07:13+08:00 ] ::1 /ysc2/Public/Uploads/2017-05-18/591cfa19c0b8a.png
INFO: [ app_init ] --START--
INFO: Run Behavior\BuildLiteBehavior [ RunTime:0.000000s ]
INFO: [ app_init ] --END-- [ RunTime:0.001001s ]
ERR: 无法加载模块:Public

[ 2017-06-05T17:07:13+08:00 ] ::1 /ysc2/Public/Uploads/2017-04-14/58f069fa6cd45.jpg
INFO: [ app_init ] --START--
INFO: Run Behavior\BuildLiteBehavior [ RunTime:0.000000s ]
INFO: [ app_init ] --END-- [ RunTime:0.000000s ]
ERR: 无法加载模块:Public

[ 2017-06-05T17:07:13+08:00 ] ::1 /ysc2/Public/Uploads/2017-04-14/58f02d7d19775.jpg
INFO: [ app_init ] --START--
INFO: Run Behavior\BuildLiteBehavior [ RunTime:0.000000s ]
INFO: [ app_init ] --END-- [ RunTime:0.000000s ]
ERR: 无法加载模块:Public

[ 2017-06-05T17:07:13+08:00 ] ::1 /ysc2/Public/Uploads/2017-04-20/58f86c5e78863.jpg
INFO: [ app_init ] --START--
INFO: Run Behavior\BuildLiteBehavior [ RunTime:0.000000s ]
INFO: [ app_init ] --END-- [ RunTime:0.001000s ]
ERR: 无法加载模块:Public

[ 2017-06-05T17:07:13+08:00 ] ::1 /ysc2/Public/Uploads/2017-04-10/58eb480d050f0.jpg
INFO: [ app_init ] --START--
INFO: Run Behavior\BuildLiteBehavior [ RunTime:0.000000s ]
INFO: [ app_init ] --END-- [ RunTime:0.002000s ]
ERR: 无法加载模块:Public

[ 2017-06-05T17:07:13+08:00 ] ::1 /ysc2/Public/Uploads/2017-04-20/58f8781a6313c.jpg
INFO: [ app_init ] --START--
INFO: Run Behavior\BuildLiteBehavior [ RunTime:0.000000s ]
INFO: [ app_init ] --END-- [ RunTime:0.001000s ]
ERR: 无法加载模块:Public

[ 2017-06-05T17:07:13+08:00 ] ::1 /ysc2/Public/Uploads/2017-04-10/58eb371337e37.png
INFO: [ app_init ] --START--
INFO: Run Behavior\BuildLiteBehavior [ RunTime:0.001000s ]
INFO: [ app_init ] --END-- [ RunTime:0.001000s ]
ERR: 无法加载模块:Public

[ 2017-06-05T17:07:13+08:00 ] ::1 /ysc2/Public/Uploads/2017-04-01/58df60b17b912.jpg
INFO: [ app_init ] --START--
INFO: Run Behavior\BuildLiteBehavior [ RunTime:0.000000s ]
INFO: [ app_init ] --END-- [ RunTime:0.001000s ]
ERR: 无法加载模块:Public

[ 2017-06-05T17:07:13+08:00 ] ::1 /ysc2/Public/Uploads/2017-04-01/58df5ed44aed1.jpg
INFO: [ app_init ] --START--
INFO: Run Behavior\BuildLiteBehavior [ RunTime:0.000000s ]
INFO: [ app_init ] --END-- [ RunTime:0.001000s ]
ERR: 无法加载模块:Public

[ 2017-06-05T17:07:13+08:00 ] ::1 /ysc2/Public/Uploads/2017-04-01/58df47cd0b702.jpg
INFO: [ app_init ] --START--
INFO: Run Behavior\BuildLiteBehavior [ RunTime:0.000000s ]
INFO: [ app_init ] --END-- [ RunTime:0.000000s ]
ERR: 无法加载模块:Public

[ 2017-06-05T17:07:13+08:00 ] ::1 /ysc2/Public/Uploads/2017-04-01/58df0ca77ad75.jpg
INFO: [ app_init ] --START--
INFO: Run Behavior\BuildLiteBehavior [ RunTime:0.000000s ]
INFO: [ app_init ] --END-- [ RunTime:0.001000s ]
ERR: 无法加载模块:Public

[ 2017-06-05T17:07:13+08:00 ] ::1 /ysc2/Public/Uploads/2017-05-11/5913c0705dbf9.png
INFO: [ app_init ] --START--
INFO: Run Behavior\BuildLiteBehavior [ RunTime:0.000000s ]
INFO: [ app_init ] --END-- [ RunTime:0.001000s ]
ERR: 无法加载模块:Public

[ 2017-06-05T17:07:13+08:00 ] ::1 /ysc2/Public/Uploads/2017-05-11/5913c5a258d95.jpg
INFO: [ app_init ] --START--
INFO: Run Behavior\BuildLiteBehavior [ RunTime:0.000000s ]
INFO: [ app_init ] --END-- [ RunTime:0.001000s ]
ERR: 无法加载模块:Public

[ 2017-06-05T17:07:13+08:00 ] ::1 /ysc2/Public/Uploads/2017-05-11/5913c61138f11.jpg
INFO: [ app_init ] --START--
INFO: Run Behavior\BuildLiteBehavior [ RunTime:0.000000s ]
INFO: [ app_init ] --END-- [ RunTime:0.001000s ]
ERR: 无法加载模块:Public

[ 2017-06-05T17:07:13+08:00 ] ::1 /ysc2/Public/Uploads/2017-05-11/5913c3a084020.jpg
INFO: [ app_init ] --START--
INFO: Run Behavior\BuildLiteBehavior [ RunTime:0.000000s ]
INFO: [ app_init ] --END-- [ RunTime:0.001000s ]
ERR: 无法加载模块:Public

[ 2017-06-05T17:07:19+08:00 ] ::1 /ysc2/Public/Uploads/2017-05-21/59216b6d5c479.png
INFO: [ app_init ] --START--
INFO: Run Behavior\BuildLiteBehavior [ RunTime:0.000000s ]
INFO: [ app_init ] --END-- [ RunTime:0.000000s ]
ERR: 无法加载模块:Public

[ 2017-06-05T18:23:54+08:00 ] ::1 /ysc2/Public/Uploads/2017-04-24/58fda3e2d27c9.jpg
INFO: [ app_init ] --START--
INFO: Run Behavior\BuildLiteBehavior [ RunTime:0.000000s ]
INFO: [ app_init ] --END-- [ RunTime:0.001000s ]
ERR: 无法加载模块:Public

[ 2017-06-05T18:23:55+08:00 ] ::1 /ysc2/Public/Uploads/2017-04-26/5900199196060.jpg
INFO: [ app_init ] --START--
INFO: Run Behavior\BuildLiteBehavior [ RunTime:0.000000s ]
INFO: [ app_init ] --END-- [ RunTime:0.001000s ]
ERR: 无法加载模块:Public

[ 2017-06-05T18:23:55+08:00 ] ::1 /ysc2/Public/Uploads/2017-05-03/590979ea1bd9c.jpg
INFO: [ app_init ] --START--
INFO: Run Behavior\BuildLiteBehavior [ RunTime:0.000000s ]
INFO: [ app_init ] --END-- [ RunTime:0.004000s ]
ERR: 无法加载模块:Public

[ 2017-06-05T18:23:55+08:00 ] ::1 /ysc2/Public/Uploads/2017-05-08/590fecba50d6d.jpg
INFO: [ app_init ] --START--
INFO: Run Behavior\BuildLiteBehavior [ RunTime:0.000000s ]
INFO: [ app_init ] --END-- [ RunTime:0.001000s ]
ERR: 无法加载模块:Public

[ 2017-06-05T18:23:55+08:00 ] ::1 /ysc2/Public/Uploads/2017-05-10/5912c156d3756.jpg
INFO: [ app_init ] --START--
INFO: Run Behavior\BuildLiteBehavior [ RunTime:0.000000s ]
INFO: [ app_init ] --END-- [ RunTime:0.000000s ]
ERR: 无法加载模块:Public

[ 2017-06-05T18:23:55+08:00 ] ::1 /ysc2/Public/Uploads/2017-04-14/58f069fa6cd45.jpg
INFO: [ app_init ] --START--
INFO: Run Behavior\BuildLiteBehavior [ RunTime:0.000000s ]
INFO: [ app_init ] --END-- [ RunTime:0.001000s ]
ERR: 无法加载模块:Public

[ 2017-06-05T18:23:55+08:00 ] ::1 /ysc2/Public/Uploads/2017-04-14/58f02d7d19775.jpg
INFO: [ app_init ] --START--
INFO: Run Behavior\BuildLiteBehavior [ RunTime:0.000000s ]
INFO: [ app_init ] --END-- [ RunTime:0.001000s ]
ERR: 无法加载模块:Public

[ 2017-06-05T18:23:55+08:00 ] ::1 /ysc2/Public/Uploads/2017-04-18/58f5de635f38b.jpg
INFO: [ app_init ] --START--
INFO: Run Behavior\BuildLiteBehavior [ RunTime:0.000000s ]
INFO: [ app_init ] --END-- [ RunTime:0.000000s ]
ERR: 无法加载模块:Public

[ 2017-06-05T18:23:55+08:00 ] ::1 /ysc2/Public/Uploads/2017-05-08/590fde7993803.jpg
INFO: [ app_init ] --START--
INFO: Run Behavior\BuildLiteBehavior [ RunTime:0.000000s ]
INFO: [ app_init ] --END-- [ RunTime:0.000000s ]
ERR: 无法加载模块:Public

[ 2017-06-05T18:23:55+08:00 ] ::1 /ysc2/Public/Uploads/2017-05-04/590ab46029242.jpg
INFO: [ app_init ] --START--
INFO: Run Behavior\BuildLiteBehavior [ RunTime:0.000000s ]
INFO: [ app_init ] --END-- [ RunTime:0.000000s ]
ERR: 无法加载模块:Public

[ 2017-06-05T18:23:55+08:00 ] ::1 /ysc2/Public/Uploads/2017-04-10/58eb371337e37.png
INFO: [ app_init ] --START--
INFO: Run Behavior\BuildLiteBehavior [ RunTime:0.000000s ]
INFO: [ app_init ] --END-- [ RunTime:0.001000s ]
ERR: 无法加载模块:Public

[ 2017-06-05T18:23:55+08:00 ] ::1 /ysc2/Public/Uploads/2017-04-20/58f86c5e78863.jpg
INFO: [ app_init ] --START--
INFO: Run Behavior\BuildLiteBehavior [ RunTime:0.000000s ]
INFO: [ app_init ] --END-- [ RunTime:0.001000s ]
ERR: 无法加载模块:Public

[ 2017-06-05T18:23:55+08:00 ] ::1 /ysc2/Public/Uploads/2017-04-20/58f8781a6313c.jpg
INFO: [ app_init ] --START--
INFO: Run Behavior\BuildLiteBehavior [ RunTime:0.000000s ]
INFO: [ app_init ] --END-- [ RunTime:0.001000s ]
ERR: 无法加载模块:Public

[ 2017-06-05T18:23:55+08:00 ] ::1 /ysc2/Public/Uploads/2017-05-18/591cfa19c0b8a.png
INFO: [ app_init ] --START--
INFO: Run Behavior\BuildLiteBehavior [ RunTime:0.000000s ]
INFO: [ app_init ] --END-- [ RunTime:0.001000s ]
ERR: 无法加载模块:Public

[ 2017-06-05T18:23:55+08:00 ] ::1 /ysc2/Public/Uploads/2017-04-01/58df5ed44aed1.jpg
INFO: [ app_init ] --START--
INFO: Run Behavior\BuildLiteBehavior [ RunTime:0.000000s ]
INFO: [ app_init ] --END-- [ RunTime:0.001000s ]
ERR: 无法加载模块:Public

[ 2017-06-05T18:23:55+08:00 ] ::1 /ysc2/Public/Uploads/2017-04-10/58eb480d050f0.jpg
INFO: [ app_init ] --START--
INFO: Run Behavior\BuildLiteBehavior [ RunTime:0.000000s ]
INFO: [ app_init ] --END-- [ RunTime:0.002000s ]
ERR: 无法加载模块:Public

[ 2017-06-05T18:23:55+08:00 ] ::1 /ysc2/Public/Uploads/2017-04-01/58df47cd0b702.jpg
INFO: [ app_init ] --START--
INFO: Run Behavior\BuildLiteBehavior [ RunTime:0.000000s ]
INFO: [ app_init ] --END-- [ RunTime:0.000000s ]
ERR: 无法加载模块:Public

[ 2017-06-05T18:23:55+08:00 ] ::1 /ysc2/Public/Uploads/2017-04-01/58df60b17b912.jpg
INFO: [ app_init ] --START--
INFO: Run Behavior\BuildLiteBehavior [ RunTime:0.000000s ]
INFO: [ app_init ] --END-- [ RunTime:0.000000s ]
ERR: 无法加载模块:Public

[ 2017-06-05T18:23:55+08:00 ] ::1 /ysc2/Public/Uploads/2017-05-11/5913c3a084020.jpg
INFO: [ app_init ] --START--
INFO: Run Behavior\BuildLiteBehavior [ RunTime:0.000000s ]
INFO: [ app_init ] --END-- [ RunTime:0.000000s ]
ERR: 无法加载模块:Public

[ 2017-06-05T18:23:55+08:00 ] ::1 /ysc2/Public/Uploads/2017-05-11/5913c0705dbf9.png
INFO: [ app_init ] --START--
INFO: Run Behavior\BuildLiteBehavior [ RunTime:0.000000s ]
INFO: [ app_init ] --END-- [ RunTime:0.000000s ]
ERR: 无法加载模块:Public

[ 2017-06-05T18:23:55+08:00 ] ::1 /ysc2/Public/Uploads/2017-04-01/58df0ca77ad75.jpg
INFO: [ app_init ] --START--
INFO: Run Behavior\BuildLiteBehavior [ RunTime:0.000000s ]
INFO: [ app_init ] --END-- [ RunTime:0.000000s ]
ERR: 无法加载模块:Public

[ 2017-06-05T18:23:55+08:00 ] ::1 /ysc2/Public/Uploads/2017-05-11/5913c5a258d95.jpg
INFO: [ app_init ] --START--
INFO: Run Behavior\BuildLiteBehavior [ RunTime:0.000000s ]
INFO: [ app_init ] --END-- [ RunTime:0.001000s ]
ERR: 无法加载模块:Public

[ 2017-06-05T18:23:55+08:00 ] ::1 /ysc2/Public/Uploads/2017-05-11/5913c61138f11.jpg
INFO: [ app_init ] --START--
INFO: Run Behavior\BuildLiteBehavior [ RunTime:0.000000s ]
INFO: [ app_init ] --END-- [ RunTime:0.001000s ]
ERR: 无法加载模块:Public

[ 2017-06-05T18:23:59+08:00 ] ::1 /ysc2/Public/Uploads/2017-04-01/58df0c6cca417.jpg
INFO: [ app_init ] --START--
INFO: Run Behavior\BuildLiteBehavior [ RunTime:0.000000s ]
INFO: [ app_init ] --END-- [ RunTime:0.001000s ]
ERR: 无法加载模块:Public

[ 2017-06-05T18:23:59+08:00 ] ::1 /ysc2/Public/Uploads/2017-04-01/58df0c6ccc73a.jpg
INFO: [ app_init ] --START--
INFO: Run Behavior\BuildLiteBehavior [ RunTime:0.000000s ]
INFO: [ app_init ] --END-- [ RunTime:0.001000s ]
ERR: 无法加载模块:Public

[ 2017-06-05T18:23:59+08:00 ] ::1 /ysc2/Public/Uploads/2017-04-01/58df0c6ccfaa5.jpg
INFO: [ app_init ] --START--
INFO: Run Behavior\BuildLiteBehavior [ RunTime:0.000000s ]
INFO: [ app_init ] --END-- [ RunTime:0.001000s ]
ERR: 无法加载模块:Public

[ 2017-06-05T18:24:10+08:00 ] ::1 /ysc2/Public/Uploads/2017-04-13/58ef46f133e2a.jpg
INFO: [ app_init ] --START--
INFO: Run Behavior\BuildLiteBehavior [ RunTime:0.000000s ]
INFO: [ app_init ] --END-- [ RunTime:0.001000s ]
ERR: 无法加载模块:Public

[ 2017-06-05T18:24:10+08:00 ] ::1 /ysc2/Public/Uploads/2017-04-01/58df0ca77ad75.jpg
INFO: [ app_init ] --START--
INFO: Run Behavior\BuildLiteBehavior [ RunTime:0.000000s ]
INFO: [ app_init ] --END-- [ RunTime:0.000000s ]
ERR: 无法加载模块:Public

[ 2017-06-05T18:24:48+08:00 ] ::1 /ysc2/Public/Uploads/2017-04-13/58ef46f133e2a.jpg
INFO: [ app_init ] --START--
INFO: Run Behavior\BuildLiteBehavior [ RunTime:0.000000s ]
INFO: [ app_init ] --END-- [ RunTime:0.001000s ]
ERR: 无法加载模块:Public

[ 2017-06-05T18:24:48+08:00 ] ::1 /ysc2/Public/Uploads/2017-04-01/58df0ca77ad75.jpg
INFO: [ app_init ] --START--
INFO: Run Behavior\BuildLiteBehavior [ RunTime:0.000000s ]
INFO: [ app_init ] --END-- [ RunTime:0.001000s ]
ERR: 无法加载模块:Public

[ 2017-06-05T18:24:56+08:00 ] ::1 /ysc2/Public/Uploads/2017-04-13/58ef46f133e2a.jpg
INFO: [ app_init ] --START--
INFO: Run Behavior\BuildLiteBehavior [ RunTime:0.000000s ]
INFO: [ app_init ] --END-- [ RunTime:0.001000s ]
ERR: 无法加载模块:Public

[ 2017-06-05T18:24:56+08:00 ] ::1 /ysc2/Public/Uploads/2017-04-01/58df0ca77ad75.jpg
INFO: [ app_init ] --START--
INFO: Run Behavior\BuildLiteBehavior [ RunTime:0.000000s ]
INFO: [ app_init ] --END-- [ RunTime:0.001000s ]
ERR: 无法加载模块:Public

[ 2017-06-05T18:24:56+08:00 ] ::1 /ysc2/Public/Uploads/2017-04-14/58f02d7d19775.jpg
INFO: [ app_init ] --START--
INFO: Run Behavior\BuildLiteBehavior [ RunTime:0.000000s ]
INFO: [ app_init ] --END-- [ RunTime:0.000000s ]
ERR: 无法加载模块:Public

[ 2017-06-05T18:24:56+08:00 ] ::1 /ysc2/Public/Uploads/2017-04-15/58f18981a528c.jpg
INFO: [ app_init ] --START--
INFO: Run Behavior\BuildLiteBehavior [ RunTime:0.000000s ]
INFO: [ app_init ] --END-- [ RunTime:0.001000s ]
ERR: 无法加载模块:Public

[ 2017-06-05T18:24:56+08:00 ] ::1 /ysc2/Public/Uploads/2017-04-01/58df60b17b912.jpg
INFO: [ app_init ] --START--
INFO: Run Behavior\BuildLiteBehavior [ RunTime:0.000000s ]
INFO: [ app_init ] --END-- [ RunTime:0.001000s ]
ERR: 无法加载模块:Public

[ 2017-06-05T18:24:56+08:00 ] ::1 /ysc2/Public/Uploads/2017-04-10/58eb480d050f0.jpg
INFO: [ app_init ] --START--
INFO: Run Behavior\BuildLiteBehavior [ RunTime:0.000000s ]
INFO: [ app_init ] --END-- [ RunTime:0.001000s ]
ERR: 无法加载模块:Public

[ 2017-06-05T18:24:56+08:00 ] ::1 /ysc2/Public/Uploads/2017-04-10/58eb371337e37.png
INFO: [ app_init ] --START--
INFO: Run Behavior\BuildLiteBehavior [ RunTime:0.000000s ]
INFO: [ app_init ] --END-- [ RunTime:0.000000s ]
ERR: 无法加载模块:Public

[ 2017-06-05T18:24:56+08:00 ] ::1 /ysc2/Public/Uploads/2017-04-18/58f5c1bc4ca30.png
INFO: [ app_init ] --START--
INFO: Run Behavior\BuildLiteBehavior [ RunTime:0.000000s ]
INFO: [ app_init ] --END-- [ RunTime:0.001000s ]
ERR: 无法加载模块:Public

[ 2017-06-05T18:24:56+08:00 ] ::1 /ysc2/Public/Uploads/2017-05-11/5913c0705dbf9.png
INFO: [ app_init ] --START--
INFO: Run Behavior\BuildLiteBehavior [ RunTime:0.000000s ]
INFO: [ app_init ] --END-- [ RunTime:0.001000s ]
ERR: 无法加载模块:Public

[ 2017-06-05T18:24:56+08:00 ] ::1 /ysc2/Public/Uploads/2017-04-19/58f70fed93852.jpg
INFO: [ app_init ] --START--
INFO: Run Behavior\BuildLiteBehavior [ RunTime:0.000000s ]
INFO: [ app_init ] --END-- [ RunTime:0.001000s ]
ERR: 无法加载模块:Public

[ 2017-06-05T18:24:56+08:00 ] ::1 /ysc2/Public/Uploads/2017-05-11/5913c3a084020.jpg
INFO: [ app_init ] --START--
INFO: Run Behavior\BuildLiteBehavior [ RunTime:0.000000s ]
INFO: [ app_init ] --END-- [ RunTime:0.001000s ]
ERR: 无法加载模块:Public

[ 2017-06-05T18:24:56+08:00 ] ::1 /ysc2/Public/Uploads/2017-04-20/58f86c5e78863.jpg
INFO: [ app_init ] --START--
INFO: Run Behavior\BuildLiteBehavior [ RunTime:0.000000s ]
INFO: [ app_init ] --END-- [ RunTime:0.001000s ]
ERR: 无法加载模块:Public

[ 2017-06-05T18:24:56+08:00 ] ::1 /ysc2/Public/Uploads/2017-05-22/59228e97b83c8.png
INFO: [ app_init ] --START--
INFO: Run Behavior\BuildLiteBehavior [ RunTime:0.000000s ]
INFO: [ app_init ] --END-- [ RunTime:0.001000s ]
ERR: 无法加载模块:Public

[ 2017-06-05T18:24:56+08:00 ] ::1 /ysc2/Public/Uploads/2017-04-14/58f0957187fef.jpg
INFO: [ app_init ] --START--
INFO: Run Behavior\BuildLiteBehavior [ RunTime:0.000000s ]
INFO: [ app_init ] --END-- [ RunTime:0.001000s ]
ERR: 无法加载模块:Public

[ 2017-06-05T18:24:56+08:00 ] ::1 /ysc2/Public/Uploads/2017-04-01/58df5ed44aed1.jpg
INFO: [ app_init ] --START--
INFO: Run Behavior\BuildLiteBehavior [ RunTime:0.000000s ]
INFO: [ app_init ] --END-- [ RunTime:0.001001s ]
ERR: 无法加载模块:Public

[ 2017-06-05T18:29:38+08:00 ] ::1 /ysc2/Public/Uploads/2017-04-13/58ef46f133e2a.jpg
INFO: [ app_init ] --START--
INFO: Run Behavior\BuildLiteBehavior [ RunTime:0.000000s ]
INFO: [ app_init ] --END-- [ RunTime:0.001000s ]
ERR: 无法加载模块:Public

[ 2017-06-05T18:29:38+08:00 ] ::1 /ysc2/Public/Uploads/2017-04-10/58eb480d050f0.jpg
INFO: [ app_init ] --START--
INFO: Run Behavior\BuildLiteBehavior [ RunTime:0.000000s ]
INFO: [ app_init ] --END-- [ RunTime:0.001000s ]
ERR: 无法加载模块:Public

[ 2017-06-05T18:29:38+08:00 ] ::1 /ysc2/Public/Uploads/2017-04-01/58df60b17b912.jpg
INFO: [ app_init ] --START--
INFO: Run Behavior\BuildLiteBehavior [ RunTime:0.000000s ]
INFO: [ app_init ] --END-- [ RunTime:0.001000s ]
ERR: 无法加载模块:Public

[ 2017-06-05T18:29:38+08:00 ] ::1 /ysc2/Public/Uploads/2017-04-15/58f18981a528c.jpg
INFO: [ app_init ] --START--
INFO: Run Behavior\BuildLiteBehavior [ RunTime:0.000000s ]
INFO: [ app_init ] --END-- [ RunTime:0.002000s ]
ERR: 无法加载模块:Public

[ 2017-06-05T18:29:38+08:00 ] ::1 /ysc2/Public/Uploads/2017-04-18/58f5c1bc4ca30.png
INFO: [ app_init ] --START--
INFO: Run Behavior\BuildLiteBehavior [ RunTime:0.000000s ]
INFO: [ app_init ] --END-- [ RunTime:0.001000s ]
ERR: 无法加载模块:Public

[ 2017-06-05T18:29:38+08:00 ] ::1 /ysc2/Public/Uploads/2017-04-14/58f02d7d19775.jpg
INFO: [ app_init ] --START--
INFO: Run Behavior\BuildLiteBehavior [ RunTime:0.000000s ]
INFO: [ app_init ] --END-- [ RunTime:0.001000s ]
ERR: 无法加载模块:Public

[ 2017-06-05T18:29:38+08:00 ] ::1 /ysc2/Public/Uploads/2017-04-01/58df0ca77ad75.jpg
INFO: [ app_init ] --START--
INFO: Run Behavior\BuildLiteBehavior [ RunTime:0.000000s ]
INFO: [ app_init ] --END-- [ RunTime:0.001000s ]
ERR: 无法加载模块:Public

[ 2017-06-05T18:29:38+08:00 ] ::1 /ysc2/Public/Uploads/2017-04-10/58eb371337e37.png
INFO: [ app_init ] --START--
INFO: Run Behavior\BuildLiteBehavior [ RunTime:0.000000s ]
INFO: [ app_init ] --END-- [ RunTime:0.001000s ]
ERR: 无法加载模块:Public

[ 2017-06-05T18:29:38+08:00 ] ::1 /ysc2/Public/Uploads/2017-05-11/5913c0705dbf9.png
INFO: [ app_init ] --START--
INFO: Run Behavior\BuildLiteBehavior [ RunTime:0.000000s ]
INFO: [ app_init ] --END-- [ RunTime:0.001000s ]
ERR: 无法加载模块:Public

[ 2017-06-05T18:29:38+08:00 ] ::1 /ysc2/Public/Uploads/2017-05-11/5913c3a084020.jpg
INFO: [ app_init ] --START--
INFO: Run Behavior\BuildLiteBehavior [ RunTime:0.000000s ]
INFO: [ app_init ] --END-- [ RunTime:0.001000s ]
ERR: 无法加载模块:Public

[ 2017-06-05T18:29:38+08:00 ] ::1 /ysc2/Public/Uploads/2017-05-22/59228e97b83c8.png
INFO: [ app_init ] --START--
INFO: Run Behavior\BuildLiteBehavior [ RunTime:0.000000s ]
INFO: [ app_init ] --END-- [ RunTime:0.001000s ]
ERR: 无法加载模块:Public

[ 2017-06-05T18:29:38+08:00 ] ::1 /ysc2/Public/Uploads/2017-04-14/58f0957187fef.jpg
INFO: [ app_init ] --START--
INFO: Run Behavior\BuildLiteBehavior [ RunTime:0.000000s ]
INFO: [ app_init ] --END-- [ RunTime:0.001000s ]
ERR: 无法加载模块:Public

[ 2017-06-05T18:29:38+08:00 ] ::1 /ysc2/Public/Uploads/2017-04-19/58f70fed93852.jpg
INFO: [ app_init ] --START--
INFO: Run Behavior\BuildLiteBehavior [ RunTime:0.000000s ]
INFO: [ app_init ] --END-- [ RunTime:0.001000s ]
ERR: 无法加载模块:Public

[ 2017-06-05T18:29:38+08:00 ] ::1 /ysc2/Public/Uploads/2017-04-01/58df5ed44aed1.jpg
INFO: [ app_init ] --START--
INFO: Run Behavior\BuildLiteBehavior [ RunTime:0.000000s ]
INFO: [ app_init ] --END-- [ RunTime:0.000000s ]
ERR: 无法加载模块:Public

[ 2017-06-05T18:29:38+08:00 ] ::1 /ysc2/Public/Uploads/2017-04-20/58f86c5e78863.jpg
INFO: [ app_init ] --START--
INFO: Run Behavior\BuildLiteBehavior [ RunTime:0.000000s ]
INFO: [ app_init ] --END-- [ RunTime:0.001000s ]
ERR: 无法加载模块:Public

[ 2017-06-05T18:30:02+08:00 ] ::1 /ysc2/Public/Uploads/2017-04-13/58ef46f133e2a.jpg
INFO: [ app_init ] --START--
INFO: Run Behavior\BuildLiteBehavior [ RunTime:0.000000s ]
INFO: [ app_init ] --END-- [ RunTime:0.000000s ]
ERR: 无法加载模块:Public

[ 2017-06-05T18:30:02+08:00 ] ::1 /ysc2/Public/Uploads/2017-04-01/58df0ca77ad75.jpg
INFO: [ app_init ] --START--
INFO: Run Behavior\BuildLiteBehavior [ RunTime:0.000000s ]
INFO: [ app_init ] --END-- [ RunTime:0.001000s ]
ERR: 无法加载模块:Public

[ 2017-06-05T18:30:02+08:00 ] ::1 /ysc2/Public/Uploads/2017-04-10/58eb371337e37.png
INFO: [ app_init ] --START--
INFO: Run Behavior\BuildLiteBehavior [ RunTime:0.000000s ]
INFO: [ app_init ] --END-- [ RunTime:0.001000s ]
ERR: 无法加载模块:Public

[ 2017-06-05T18:30:02+08:00 ] ::1 /ysc2/Public/Uploads/2017-04-14/58f02d7d19775.jpg
INFO: [ app_init ] --START--
INFO: Run Behavior\BuildLiteBehavior [ RunTime:0.000000s ]
INFO: [ app_init ] --END-- [ RunTime:0.001000s ]
ERR: 无法加载模块:Public

[ 2017-06-05T18:30:02+08:00 ] ::1 /ysc2/Public/Uploads/2017-04-18/58f5c1bc4ca30.png
INFO: [ app_init ] --START--
INFO: Run Behavior\BuildLiteBehavior [ RunTime:0.000000s ]
INFO: [ app_init ] --END-- [ RunTime:0.000000s ]
ERR: 无法加载模块:Public

[ 2017-06-05T18:30:02+08:00 ] ::1 /ysc2/Public/Uploads/2017-04-10/58eb480d050f0.jpg
INFO: [ app_init ] --START--
INFO: Run Behavior\BuildLiteBehavior [ RunTime:0.000000s ]
INFO: [ app_init ] --END-- [ RunTime:0.000000s ]
ERR: 无法加载模块:Public

[ 2017-06-05T18:30:02+08:00 ] ::1 /ysc2/Public/Uploads/2017-04-01/58df60b17b912.jpg
INFO: [ app_init ] --START--
INFO: Run Behavior\BuildLiteBehavior [ RunTime:0.000000s ]
INFO: [ app_init ] --END-- [ RunTime:0.002000s ]
ERR: 无法加载模块:Public

[ 2017-06-05T18:30:02+08:00 ] ::1 /ysc2/Public/Uploads/2017-04-15/58f18981a528c.jpg
INFO: [ app_init ] --START--
INFO: Run Behavior\BuildLiteBehavior [ RunTime:0.000000s ]
INFO: [ app_init ] --END-- [ RunTime:0.002000s ]
ERR: 无法加载模块:Public

[ 2017-06-05T18:30:02+08:00 ] ::1 /ysc2/Public/Uploads/2017-05-11/5913c3a084020.jpg
INFO: [ app_init ] --START--
INFO: Run Behavior\BuildLiteBehavior [ RunTime:0.000000s ]
INFO: [ app_init ] --END-- [ RunTime:0.000000s ]
ERR: 无法加载模块:Public

[ 2017-06-05T18:30:02+08:00 ] ::1 /ysc2/Public/Uploads/2017-04-20/58f86c5e78863.jpg
INFO: [ app_init ] --START--
INFO: Run Behavior\BuildLiteBehavior [ RunTime:0.001000s ]
INFO: [ app_init ] --END-- [ RunTime:0.001000s ]
ERR: 无法加载模块:Public

[ 2017-06-05T18:30:02+08:00 ] ::1 /ysc2/Public/Uploads/2017-05-11/5913c0705dbf9.png
INFO: [ app_init ] --START--
INFO: Run Behavior\BuildLiteBehavior [ RunTime:0.000000s ]
INFO: [ app_init ] --END-- [ RunTime:0.000000s ]
ERR: 无法加载模块:Public

[ 2017-06-05T18:30:02+08:00 ] ::1 /ysc2/Public/Uploads/2017-04-19/58f70fed93852.jpg
INFO: [ app_init ] --START--
INFO: Run Behavior\BuildLiteBehavior [ RunTime:0.000000s ]
INFO: [ app_init ] --END-- [ RunTime:0.000000s ]
ERR: 无法加载模块:Public

[ 2017-06-05T18:30:02+08:00 ] ::1 /ysc2/Public/Uploads/2017-05-22/59228e97b83c8.png
INFO: [ app_init ] --START--
INFO: Run Behavior\BuildLiteBehavior [ RunTime:0.000000s ]
INFO: [ app_init ] --END-- [ RunTime:0.001000s ]
ERR: 无法加载模块:Public

[ 2017-06-05T18:30:02+08:00 ] ::1 /ysc2/Public/Uploads/2017-04-14/58f0957187fef.jpg
INFO: [ app_init ] --START--
INFO: Run Behavior\BuildLiteBehavior [ RunTime:0.000000s ]
INFO: [ app_init ] --END-- [ RunTime:0.001000s ]
ERR: 无法加载模块:Public

[ 2017-06-05T18:30:02+08:00 ] ::1 /ysc2/Public/Uploads/2017-04-01/58df5ed44aed1.jpg
INFO: [ app_init ] --START--
INFO: Run Behavior\BuildLiteBehavior [ RunTime:0.000000s ]
INFO: [ app_init ] --END-- [ RunTime:0.001000s ]
ERR: 无法加载模块:Public

[ 2017-06-05T19:06:22+08:00 ] ::1 /ysc2/Public/Uploads/2017-04-13/58ef46f133e2a.jpg
INFO: [ app_init ] --START--
INFO: Run Behavior\BuildLiteBehavior [ RunTime:0.000000s ]
INFO: [ app_init ] --END-- [ RunTime:0.000000s ]
ERR: 无法加载模块:Public

[ 2017-06-05T19:06:22+08:00 ] ::1 /ysc2/Public/Uploads/2017-04-01/58df0ca77ad75.jpg
INFO: [ app_init ] --START--
INFO: Run Behavior\BuildLiteBehavior [ RunTime:0.000000s ]
INFO: [ app_init ] --END-- [ RunTime:0.000000s ]
ERR: 无法加载模块:Public

[ 2017-06-05T19:06:22+08:00 ] ::1 /ysc2/Public/Uploads/2017-04-10/58eb371337e37.png
INFO: [ app_init ] --START--
INFO: Run Behavior\BuildLiteBehavior [ RunTime:0.000000s ]
INFO: [ app_init ] --END-- [ RunTime:0.001000s ]
ERR: 无法加载模块:Public

[ 2017-06-05T19:06:22+08:00 ] ::1 /ysc2/Public/Uploads/2017-05-11/5913c0705dbf9.png
INFO: [ app_init ] --START--
INFO: Run Behavior\BuildLiteBehavior [ RunTime:0.000000s ]
INFO: [ app_init ] --END-- [ RunTime:0.001000s ]
ERR: 无法加载模块:Public

[ 2017-06-05T19:06:22+08:00 ] ::1 /ysc2/Public/Uploads/2017-04-01/58df60b17b912.jpg
INFO: [ app_init ] --START--
INFO: Run Behavior\BuildLiteBehavior [ RunTime:0.000000s ]
INFO: [ app_init ] --END-- [ RunTime:0.000000s ]
ERR: 无法加载模块:Public

[ 2017-06-05T19:06:22+08:00 ] ::1 /ysc2/Public/Uploads/2017-04-10/58eb480d050f0.jpg
INFO: [ app_init ] --START--
INFO: Run Behavior\BuildLiteBehavior [ RunTime:0.000000s ]
INFO: [ app_init ] --END-- [ RunTime:0.000000s ]
ERR: 无法加载模块:Public

[ 2017-06-05T19:06:22+08:00 ] ::1 /ysc2/Public/Uploads/2017-04-15/58f18981a528c.jpg
INFO: [ app_init ] --START--
INFO: Run Behavior\BuildLiteBehavior [ RunTime:0.000000s ]
INFO: [ app_init ] --END-- [ RunTime:0.001000s ]
ERR: 无法加载模块:Public

[ 2017-06-05T19:06:22+08:00 ] ::1 /ysc2/Public/Uploads/2017-04-14/58f02d7d19775.jpg
INFO: [ app_init ] --START--
INFO: Run Behavior\BuildLiteBehavior [ RunTime:0.000000s ]
INFO: [ app_init ] --END-- [ RunTime:0.001000s ]
ERR: 无法加载模块:Public

[ 2017-06-05T19:06:22+08:00 ] ::1 /ysc2/Public/Uploads/2017-04-18/58f5c1bc4ca30.png
INFO: [ app_init ] --START--
INFO: Run Behavior\BuildLiteBehavior [ RunTime:0.000000s ]
INFO: [ app_init ] --END-- [ RunTime:0.005000s ]
ERR: 无法加载模块:Public

[ 2017-06-05T19:06:22+08:00 ] ::1 /ysc2/Public/Uploads/2017-04-20/58f86c5e78863.jpg
INFO: [ app_init ] --START--
INFO: Run Behavior\BuildLiteBehavior [ RunTime:0.000000s ]
INFO: [ app_init ] --END-- [ RunTime:0.001000s ]
ERR: 无法加载模块:Public

[ 2017-06-05T19:06:22+08:00 ] ::1 /ysc2/Public/Uploads/2017-04-19/58f70fed93852.jpg
INFO: [ app_init ] --START--
INFO: Run Behavior\BuildLiteBehavior [ RunTime:0.000000s ]
INFO: [ app_init ] --END-- [ RunTime:0.001000s ]
ERR: 无法加载模块:Public

[ 2017-06-05T19:06:22+08:00 ] ::1 /ysc2/Public/Uploads/2017-04-01/58df5ed44aed1.jpg
INFO: [ app_init ] --START--
INFO: Run Behavior\BuildLiteBehavior [ RunTime:0.000000s ]
INFO: [ app_init ] --END-- [ RunTime:0.000000s ]
ERR: 无法加载模块:Public

[ 2017-06-05T19:06:22+08:00 ] ::1 /ysc2/Public/Uploads/2017-05-22/59228e97b83c8.png
INFO: [ app_init ] --START--
INFO: Run Behavior\BuildLiteBehavior [ RunTime:0.000000s ]
INFO: [ app_init ] --END-- [ RunTime:0.002000s ]
ERR: 无法加载模块:Public

[ 2017-06-05T19:06:22+08:00 ] ::1 /ysc2/Public/Uploads/2017-04-14/58f0957187fef.jpg
INFO: [ app_init ] --START--
INFO: Run Behavior\BuildLiteBehavior [ RunTime:0.000000s ]
INFO: [ app_init ] --END-- [ RunTime:0.001000s ]
ERR: 无法加载模块:Public

